====================================
Functions available:

create_input()
grid_scale_test_2d()
grid_scale_test_3d()
output_grid_scale_test_2d()
run_parallel_experiment()
create_parallel_plot()
plot_single_thread_increase()
plot_energy_decrease()
exit()

====================================
call function() = test name = dimension = make: 'mesh.exe' is up to date.
Monitor23D10
in Euler Ihorig = 56.4205
in Euler Ihorig = 56.3184
ADMM in 7 iters
d/dt = -inf
Ih = 56.3177
ADMM in 1 iters
d/dt = -7.258
Ih = 56.2451
ADMM in 3 iters
d/dt = -4.15816
Ih = 56.2035
ADMM in 3 iters
d/dt = -0.888433
Ih = 56.1947
ADMM in 4 iters
d/dt = 2.35124
Ih = 56.2182
converged
Took 3.07651 seconds
Took 4 iters
Monitor23D10
in Euler Ihorig = 56.4205
in Euler Ihorig = 56.3184
ADMM in 7 iters
d/dt = -inf
Ih = 56.3177
ADMM in 1 iters
d/dt = -7.258
Ih = 56.2451
ADMM in 3 iters
d/dt = -4.15816
Ih = 56.2035
ADMM in 3 iters
d/dt = -0.888433
Ih = 56.1947
ADMM in 4 iters
d/dt = 2.35124
Ih = 56.2182
converged
Took 3.00094 seconds
Took 4 iters
Monitor23D10
in Euler Ihorig = 56.4205
in Euler Ihorig = 56.3184
ADMM in 7 iters
d/dt = -inf
Ih = 56.3177
ADMM in 1 iters
d/dt = -7.258
Ih = 56.2451
ADMM in 3 iters
d/dt = -4.15816
Ih = 56.2035
ADMM in 3 iters
d/dt = -0.888433
Ih = 56.1947
ADMM in 4 iters
d/dt = 2.35124
Ih = 56.2182
converged
Took 3.07774 seconds
Took 4 iters
Monitor23D10
in Euler Ihorig = 56.4205
in Euler Ihorig = 56.3184
ADMM in 7 iters
d/dt = -inf
Ih = 56.3177
ADMM in 1 iters
d/dt = -7.258
Ih = 56.2451
ADMM in 3 iters
d/dt = -4.15816
Ih = 56.2035
ADMM in 3 iters
d/dt = -0.888433
Ih = 56.1947
ADMM in 4 iters
d/dt = 2.35124
Ih = 56.2182
converged
Took 3.06541 seconds
Took 4 iters
Monitor23D10
in Euler Ihorig = 56.4205
in Euler Ihorig = 56.3184
ADMM in 7 iters
d/dt = -inf
Ih = 56.3177
ADMM in 1 iters
d/dt = -7.258
Ih = 56.2451
ADMM in 3 iters
d/dt = -4.15816
Ih = 56.2035
ADMM in 3 iters
d/dt = -0.888433
Ih = 56.1947
ADMM in 4 iters
d/dt = 2.35124
Ih = 56.2182
converged
Took 3.06499 seconds
Took 4 iters
Monitor23D10
in Euler Ihorig = 56.4205
in Euler Ihorig = 56.3184
ADMM in 7 iters
d/dt = -inf
Ih = 56.3177
ADMM in 1 iters
d/dt = -7.258
Ih = 56.2451
ADMM in 3 iters
d/dt = -4.15816
Ih = 56.2035
ADMM in 3 iters
d/dt = -0.888433
Ih = 56.1947
ADMM in 4 iters
d/dt = 2.35124
Ih = 56.2182
converged
Took 3.31571 seconds
Took 4 iters
Monitor23D10
in Euler Ihorig = 56.4205
in Euler Ihorig = 56.3184
ADMM in 7 iters
d/dt = -inf
Ih = 56.3177
ADMM in 1 iters
d/dt = -7.258
Ih = 56.2451
ADMM in 3 iters
d/dt = -4.15816
Ih = 56.2035
ADMM in 3 iters
d/dt = -0.888433
Ih = 56.1947
ADMM in 4 iters
d/dt = 2.35124
Ih = 56.2182
converged
Took 3.42014 seconds
Took 4 iters
Monitor23D10
in Euler Ihorig = 56.4205
in Euler Ihorig = 56.3184
ADMM in 7 iters
d/dt = -inf
Ih = 56.3177
ADMM in 1 iters
d/dt = -7.258
Ih = 56.2451
ADMM in 3 iters
d/dt = -4.15816
Ih = 56.2035
ADMM in 3 iters
d/dt = -0.888433
Ih = 56.1947
ADMM in 4 iters
d/dt = 2.35124
Ih = 56.2182
converged
Took 3.30793 seconds
Took 4 iters
Monitor23D10
in Euler Ihorig = 56.4205
in Euler Ihorig = 56.3184
ADMM in 7 iters
d/dt = -inf
Ih = 56.3177
ADMM in 1 iters
d/dt = -7.258
Ih = 56.2451
ADMM in 3 iters
d/dt = -4.15816
Ih = 56.2035
ADMM in 3 iters
d/dt = -0.888433
Ih = 56.1947
ADMM in 4 iters
d/dt = 2.35124
Ih = 56.2182
converged
Took 3.39611 seconds
Took 4 iters
Monitor23D10
in Euler Ihorig = 56.4205
in Euler Ihorig = 56.3184
ADMM in 7 iters
d/dt = -inf
Ih = 56.3177
ADMM in 1 iters
d/dt = -7.258
Ih = 56.2451
ADMM in 3 iters
d/dt = -4.15816
Ih = 56.2035
ADMM in 3 iters
d/dt = -0.888433
Ih = 56.1947
ADMM in 4 iters
d/dt = 2.35124
Ih = 56.2182
converged
Took 3.3027 seconds
Took 4 iters
Monitor23D10
in Euler Ihorig = 56.4205
in Euler Ihorig = 56.3184
ADMM in 7 iters
d/dt = -inf
Ih = 56.3177
ADMM in 1 iters
d/dt = -7.258
Ih = 56.2451
ADMM in 3 iters
d/dt = -4.15816
Ih = 56.2035
ADMM in 3 iters
d/dt = -0.888433
Ih = 56.1947
ADMM in 4 iters
d/dt = 2.35124
Ih = 56.2182
converged
Took 3.79371 seconds
Took 4 iters
Monitor23D10
in Euler Ihorig = 56.4205
in Euler Ihorig = 56.3184
ADMM in 7 iters
d/dt = -inf
Ih = 56.3177
ADMM in 1 iters
d/dt = -7.258
Ih = 56.2451
ADMM in 3 iters
d/dt = -4.15816
Ih = 56.2035
ADMM in 3 iters
d/dt = -0.888433
Ih = 56.1947
ADMM in 4 iters
d/dt = 2.35124
Ih = 56.2182
converged
Took 3.71748 seconds
Took 4 iters
Monitor23D10
in Euler Ihorig = 56.4205
in Euler Ihorig = 56.3184
ADMM in 7 iters
d/dt = -inf
Ih = 56.3177
ADMM in 1 iters
d/dt = -7.258
Ih = 56.2451
ADMM in 3 iters
d/dt = -4.15816
Ih = 56.2035
ADMM in 3 iters
d/dt = -0.888433
Ih = 56.1947
ADMM in 4 iters
d/dt = 2.35124
Ih = 56.2182
converged
Took 3.62224 seconds
Took 4 iters
Monitor23D10
in Euler Ihorig = 56.4205
in Euler Ihorig = 56.3184
ADMM in 7 iters
d/dt = -inf
Ih = 56.3177
ADMM in 1 iters
d/dt = -7.258
Ih = 56.2451
ADMM in 3 iters
d/dt = -4.15816
Ih = 56.2035
ADMM in 3 iters
d/dt = -0.888433
Ih = 56.1947
ADMM in 4 iters
d/dt = 2.35124
Ih = 56.2182
converged
Took 3.72517 seconds
Took 4 iters
Monitor23D10
in Euler Ihorig = 56.4205
in Euler Ihorig = 56.3184
ADMM in 7 iters
d/dt = -inf
Ih = 56.3177
ADMM in 1 iters
d/dt = -7.258
Ih = 56.2451
ADMM in 3 iters
d/dt = -4.15816
Ih = 56.2035
ADMM in 3 iters
d/dt = -0.888433
Ih = 56.1947
ADMM in 4 iters
d/dt = 2.35124
Ih = 56.2182
converged
Took 4.07476 seconds
Took 4 iters
Monitor23D10
in Euler Ihorig = 56.4205
in Euler Ihorig = 56.3184
ADMM in 7 iters
d/dt = -inf
Ih = 56.3177
ADMM in 1 iters
d/dt = -7.258
Ih = 56.2451
ADMM in 3 iters
d/dt = -4.15816
Ih = 56.2035
ADMM in 3 iters
d/dt = -0.888433
Ih = 56.1947
ADMM in 4 iters
d/dt = 2.35124
Ih = 56.2182
converged
Took 4.57643 seconds
Took 4 iters
Monitor23D10
in Euler Ihorig = 56.4205
in Euler Ihorig = 56.3184
ADMM in 7 iters
d/dt = -inf
Ih = 56.3177
ADMM in 1 iters
d/dt = -7.258
Ih = 56.2451
ADMM in 3 iters
d/dt = -4.15816
Ih = 56.2035
ADMM in 3 iters
d/dt = -0.888433
Ih = 56.1947
ADMM in 4 iters
d/dt = 2.35124
Ih = 56.2182
converged
Took 4.50757 seconds
Took 4 iters
Monitor23D10
in Euler Ihorig = 56.4205
in Euler Ihorig = 56.3184
ADMM in 7 iters
d/dt = -inf
Ih = 56.3177
ADMM in 1 iters
d/dt = -7.258
Ih = 56.2451
ADMM in 3 iters
d/dt = -4.15816
Ih = 56.2035
ADMM in 3 iters
d/dt = -0.888433
Ih = 56.1947
ADMM in 4 iters
d/dt = 2.35124
Ih = 56.2182
converged
Took 4.56359 seconds
Took 4 iters
Monitor23D10
in Euler Ihorig = 56.4205
in Euler Ihorig = 56.3184
ADMM in 7 iters
d/dt = -inf
Ih = 56.3177
ADMM in 1 iters
d/dt = -7.258
Ih = 56.2451
ADMM in 3 iters
d/dt = -4.15816
Ih = 56.2035
ADMM in 3 iters
d/dt = -0.888433
Ih = 56.1947
ADMM in 4 iters
d/dt = 2.35124
Ih = 56.2182
converged
Took 4.56032 seconds
Took 4 iters
Monitor23D10
in Euler Ihorig = 56.4205
in Euler Ihorig = 56.3184
ADMM in 7 iters
d/dt = -inf
Ih = 56.3177
ADMM in 1 iters
d/dt = -7.258
Ih = 56.2451
ADMM in 3 iters
d/dt = -4.15816
Ih = 56.2035
ADMM in 3 iters
d/dt = -0.888433
Ih = 56.1947
ADMM in 4 iters
d/dt = 2.35124
Ih = 56.2182
converged
Took 4.70862 seconds
Took 4 iters
Monitor23D10
in Euler Ihorig = 56.4205
in Euler Ihorig = 56.3184
ADMM in 7 iters
d/dt = -inf
Ih = 56.3177
ADMM in 1 iters
d/dt = -7.258
Ih = 56.2451
ADMM in 3 iters
d/dt = -4.15816
Ih = 56.2035
ADMM in 3 iters
d/dt = -0.888433
Ih = 56.1947
ADMM in 4 iters
d/dt = 2.35124
Ih = 56.2182
converged
Took 5.74046 seconds
Took 4 iters
Monitor23D10
in Euler Ihorig = 56.4205
in Euler Ihorig = 56.3184
ADMM in 7 iters
d/dt = -inf
Ih = 56.3177
ADMM in 1 iters
d/dt = -7.258
Ih = 56.2451
ADMM in 3 iters
d/dt = -4.15816
Ih = 56.2035
ADMM in 3 iters
d/dt = -0.888433
Ih = 56.1947
ADMM in 4 iters
d/dt = 2.35124
Ih = 56.2182
converged
Took 5.44698 seconds
Took 4 iters
Monitor23D10
in Euler Ihorig = 56.4205
in Euler Ihorig = 56.3184
ADMM in 7 iters
d/dt = -inf
Ih = 56.3177
ADMM in 1 iters
d/dt = -7.258
Ih = 56.2451
ADMM in 3 iters
d/dt = -4.15816
Ih = 56.2035
ADMM in 3 iters
d/dt = -0.888433
Ih = 56.1947
ADMM in 4 iters
d/dt = 2.35124
Ih = 56.2182
converged
Took 5.88863 seconds
Took 4 iters
Monitor23D10
in Euler Ihorig = 56.4205
in Euler Ihorig = 56.3184
ADMM in 7 iters
d/dt = -inf
Ih = 56.3177
ADMM in 1 iters
d/dt = -7.258
Ih = 56.2451
ADMM in 3 iters
d/dt = -4.15816
Ih = 56.2035
ADMM in 3 iters
d/dt = -0.888433
Ih = 56.1947
ADMM in 4 iters
d/dt = 2.35124
Ih = 56.2182
converged
Took 5.96523 seconds
Took 4 iters
Monitor23D10
in Euler Ihorig = 56.4205
in Euler Ihorig = 56.3184
ADMM in 7 iters
d/dt = -inf
Ih = 56.3177
ADMM in 1 iters
d/dt = -7.258
Ih = 56.2451
ADMM in 3 iters
d/dt = -4.15816
Ih = 56.2035
ADMM in 3 iters
d/dt = -0.888433
Ih = 56.1947
ADMM in 4 iters
d/dt = 2.35124
Ih = 56.2182
converged
Took 5.49468 seconds
Took 4 iters
Monitor23D10
in Euler Ihorig = 56.4205
in Euler Ihorig = 56.3184
ADMM in 7 iters
d/dt = -inf
Ih = 56.3177
ADMM in 1 iters
d/dt = -7.258
Ih = 56.2451
ADMM in 3 iters
d/dt = -4.15816
Ih = 56.2035
ADMM in 3 iters
d/dt = -0.888433
Ih = 56.1947
ADMM in 4 iters
d/dt = 2.35124
Ih = 56.2182
converged
Took 8.54078 seconds
Took 4 iters
Monitor23D10
in Euler Ihorig = 56.4205
in Euler Ihorig = 56.3184
ADMM in 7 iters
d/dt = -inf
Ih = 56.3177
ADMM in 1 iters
d/dt = -7.258
Ih = 56.2451
ADMM in 3 iters
d/dt = -4.15816
Ih = 56.2035
ADMM in 3 iters
d/dt = -0.888433
Ih = 56.1947
ADMM in 4 iters
d/dt = 2.35124
Ih = 56.2182
converged
Took 8.10309 seconds
Took 4 iters
Monitor23D10
in Euler Ihorig = 56.4205
in Euler Ihorig = 56.3184
ADMM in 7 iters
d/dt = -inf
Ih = 56.3177
ADMM in 1 iters
d/dt = -7.258
Ih = 56.2451
ADMM in 3 iters
d/dt = -4.15816
Ih = 56.2035
ADMM in 3 iters
d/dt = -0.888433
Ih = 56.1947
ADMM in 4 iters
d/dt = 2.35124
Ih = 56.2182
converged
Took 8.25548 seconds
Took 4 iters
Monitor23D10
in Euler Ihorig = 56.4205
in Euler Ihorig = 56.3184
ADMM in 7 iters
d/dt = -inf
Ih = 56.3177
ADMM in 1 iters
d/dt = -7.258
Ih = 56.2451
ADMM in 3 iters
d/dt = -4.15816
Ih = 56.2035
ADMM in 3 iters
d/dt = -0.888433
Ih = 56.1947
ADMM in 4 iters
d/dt = 2.35124
Ih = 56.2182
converged
Took 8.15393 seconds
Took 4 iters
Monitor23D10
in Euler Ihorig = 56.4205
in Euler Ihorig = 56.3184
ADMM in 7 iters
d/dt = -inf
Ih = 56.3177
ADMM in 1 iters
d/dt = -7.258
Ih = 56.2451
ADMM in 3 iters
d/dt = -4.15816
Ih = 56.2035
ADMM in 3 iters
d/dt = -0.888433
Ih = 56.1947
ADMM in 4 iters
d/dt = 2.35124
Ih = 56.2182
converged
Took 8.27357 seconds
Took 4 iters
Monitor23D20
in Euler Ihorig = 56.6259
in Euler Ihorig = 56.5817
ADMM in 5 iters
d/dt = -inf
Ih = 56.5813
ADMM in 1 iters
d/dt = -4.13486
Ih = 56.54
ADMM in 1 iters
d/dt = -3.78859
Ih = 56.5021
ADMM in 1 iters
d/dt = -3.4447
Ih = 56.4676
ADMM in 1 iters
d/dt = -3.09722
Ih = 56.4367
ADMM in 1 iters
d/dt = -2.73996
Ih = 56.4093
ADMM in 1 iters
d/dt = -2.38702
Ih = 56.3854
ADMM in 1 iters
d/dt = -2.02567
Ih = 56.3651
ADMM in 1 iters
d/dt = -1.66414
Ih = 56.3485
ADMM in 1 iters
d/dt = -1.31248
Ih = 56.3354
ADMM in 2 iters
d/dt = -0.974768
Ih = 56.3256
ADMM in 2 iters
d/dt = -0.649962
Ih = 56.3191
ADMM in 2 iters
d/dt = -0.325494
Ih = 56.3159
ADMM in 2 iters
d/dt = -0.0205625
Ih = 56.3157
ADMM in 2 iters
d/dt = 0.278208
Ih = 56.3184
converged
Took 29.9805 seconds
Took 14 iters
Monitor23D20
in Euler Ihorig = 56.6259
in Euler Ihorig = 56.5817
ADMM in 5 iters
d/dt = -inf
Ih = 56.5813
ADMM in 1 iters
d/dt = -4.13486
Ih = 56.54
ADMM in 1 iters
d/dt = -3.78859
Ih = 56.5021
ADMM in 1 iters
d/dt = -3.4447
Ih = 56.4676
ADMM in 1 iters
d/dt = -3.09722
Ih = 56.4367
ADMM in 1 iters
d/dt = -2.73996
Ih = 56.4093
ADMM in 1 iters
d/dt = -2.38702
Ih = 56.3854
ADMM in 1 iters
d/dt = -2.02567
Ih = 56.3651
ADMM in 1 iters
d/dt = -1.66414
Ih = 56.3485
ADMM in 1 iters
d/dt = -1.31248
Ih = 56.3354
ADMM in 2 iters
d/dt = -0.974768
Ih = 56.3256
ADMM in 2 iters
d/dt = -0.649962
Ih = 56.3191
ADMM in 2 iters
d/dt = -0.325494
Ih = 56.3159
ADMM in 2 iters
d/dt = -0.0205625
Ih = 56.3157
ADMM in 2 iters
d/dt = 0.278208
Ih = 56.3184
converged
Took 29.7466 seconds
Took 14 iters
Monitor23D20
in Euler Ihorig = 56.6259
in Euler Ihorig = 56.5817
ADMM in 5 iters
d/dt = -inf
Ih = 56.5813
ADMM in 1 iters
d/dt = -4.13486
Ih = 56.54
ADMM in 1 iters
d/dt = -3.78859
Ih = 56.5021
ADMM in 1 iters
d/dt = -3.4447
Ih = 56.4676
ADMM in 1 iters
d/dt = -3.09722
Ih = 56.4367
ADMM in 1 iters
d/dt = -2.73996
Ih = 56.4093
ADMM in 1 iters
d/dt = -2.38702
Ih = 56.3854
ADMM in 1 iters
d/dt = -2.02567
Ih = 56.3651
ADMM in 1 iters
d/dt = -1.66414
Ih = 56.3485
ADMM in 1 iters
d/dt = -1.31248
Ih = 56.3354
ADMM in 2 iters
d/dt = -0.974768
Ih = 56.3256
ADMM in 2 iters
d/dt = -0.649962
Ih = 56.3191
ADMM in 2 iters
d/dt = -0.325494
Ih = 56.3159
ADMM in 2 iters
d/dt = -0.0205625
Ih = 56.3157
ADMM in 2 iters
d/dt = 0.278208
Ih = 56.3184
converged
Took 29.7452 seconds
Took 14 iters
Monitor23D20
in Euler Ihorig = 56.6259
in Euler Ihorig = 56.5817
ADMM in 5 iters
d/dt = -inf
Ih = 56.5813
ADMM in 1 iters
d/dt = -4.13486
Ih = 56.54
ADMM in 1 iters
d/dt = -3.78859
Ih = 56.5021
ADMM in 1 iters
d/dt = -3.4447
Ih = 56.4676
ADMM in 1 iters
d/dt = -3.09722
Ih = 56.4367
ADMM in 1 iters
d/dt = -2.73996
Ih = 56.4093
ADMM in 1 iters
d/dt = -2.38702
Ih = 56.3854
ADMM in 1 iters
d/dt = -2.02567
Ih = 56.3651
ADMM in 1 iters
d/dt = -1.66414
Ih = 56.3485
ADMM in 1 iters
d/dt = -1.31248
Ih = 56.3354
ADMM in 2 iters
d/dt = -0.974768
Ih = 56.3256
ADMM in 2 iters
d/dt = -0.649962
Ih = 56.3191
ADMM in 2 iters
d/dt = -0.325494
Ih = 56.3159
ADMM in 2 iters
d/dt = -0.0205625
Ih = 56.3157
ADMM in 2 iters
d/dt = 0.278208
Ih = 56.3184
converged
Took 29.8081 seconds
Took 14 iters
Monitor23D20
in Euler Ihorig = 56.6259
in Euler Ihorig = 56.5817
ADMM in 5 iters
d/dt = -inf
Ih = 56.5813
ADMM in 1 iters
d/dt = -4.13486
Ih = 56.54
ADMM in 1 iters
d/dt = -3.78859
Ih = 56.5021
ADMM in 1 iters
d/dt = -3.4447
Ih = 56.4676
ADMM in 1 iters
d/dt = -3.09722
Ih = 56.4367
ADMM in 1 iters
d/dt = -2.73996
Ih = 56.4093
ADMM in 1 iters
d/dt = -2.38702
Ih = 56.3854
ADMM in 1 iters
d/dt = -2.02567
Ih = 56.3651
ADMM in 1 iters
d/dt = -1.66414
Ih = 56.3485
ADMM in 1 iters
d/dt = -1.31248
Ih = 56.3354
ADMM in 2 iters
d/dt = -0.974768
Ih = 56.3256
ADMM in 2 iters
d/dt = -0.649962
Ih = 56.3191
ADMM in 2 iters
d/dt = -0.325494
Ih = 56.3159
ADMM in 2 iters
d/dt = -0.0205625
Ih = 56.3157
ADMM in 2 iters
d/dt = 0.278208
Ih = 56.3184
converged
Took 29.6438 seconds
Took 14 iters
Monitor23D20
in Euler Ihorig = 56.6259
in Euler Ihorig = 56.5817
ADMM in 5 iters
d/dt = -inf
Ih = 56.5813
ADMM in 1 iters
d/dt = -4.13486
Ih = 56.54
ADMM in 1 iters
d/dt = -3.78859
Ih = 56.5021
ADMM in 1 iters
d/dt = -3.4447
Ih = 56.4676
ADMM in 1 iters
d/dt = -3.09722
Ih = 56.4367
ADMM in 1 iters
d/dt = -2.73996
Ih = 56.4093
ADMM in 1 iters
d/dt = -2.38702
Ih = 56.3854
ADMM in 1 iters
d/dt = -2.02567
Ih = 56.3651
ADMM in 1 iters
d/dt = -1.66414
Ih = 56.3485
ADMM in 1 iters
d/dt = -1.31248
Ih = 56.3354
ADMM in 2 iters
d/dt = -0.974768
Ih = 56.3256
ADMM in 2 iters
d/dt = -0.649962
Ih = 56.3191
ADMM in 2 iters
d/dt = -0.325494
Ih = 56.3159
ADMM in 2 iters
d/dt = -0.0205625
Ih = 56.3157
ADMM in 2 iters
d/dt = 0.278208
Ih = 56.3184
converged
Took 31.5592 seconds
Took 14 iters
Monitor23D20
in Euler Ihorig = 56.6259
in Euler Ihorig = 56.5817
ADMM in 5 iters
d/dt = -inf
Ih = 56.5813
ADMM in 1 iters
d/dt = -4.13486
Ih = 56.54
ADMM in 1 iters
d/dt = -3.78859
Ih = 56.5021
ADMM in 1 iters
d/dt = -3.4447
Ih = 56.4676
ADMM in 1 iters
d/dt = -3.09722
Ih = 56.4367
ADMM in 1 iters
d/dt = -2.73996
Ih = 56.4093
ADMM in 1 iters
d/dt = -2.38702
Ih = 56.3854
ADMM in 1 iters
d/dt = -2.02567
Ih = 56.3651
ADMM in 1 iters
d/dt = -1.66414
Ih = 56.3485
ADMM in 1 iters
d/dt = -1.31248
Ih = 56.3354
ADMM in 2 iters
d/dt = -0.974768
Ih = 56.3256
ADMM in 2 iters
d/dt = -0.649962
Ih = 56.3191
ADMM in 2 iters
d/dt = -0.325494
Ih = 56.3159
ADMM in 2 iters
d/dt = -0.0205625
Ih = 56.3157
ADMM in 2 iters
d/dt = 0.278208
Ih = 56.3184
converged
Took 31.6009 seconds
Took 14 iters
Monitor23D20
in Euler Ihorig = 56.6259
in Euler Ihorig = 56.5817
ADMM in 5 iters
d/dt = -inf
Ih = 56.5813
ADMM in 1 iters
d/dt = -4.13486
Ih = 56.54
ADMM in 1 iters
d/dt = -3.78859
Ih = 56.5021
ADMM in 1 iters
d/dt = -3.4447
Ih = 56.4676
ADMM in 1 iters
d/dt = -3.09722
Ih = 56.4367
ADMM in 1 iters
d/dt = -2.73996
Ih = 56.4093
ADMM in 1 iters
d/dt = -2.38702
Ih = 56.3854
ADMM in 1 iters
d/dt = -2.02567
Ih = 56.3651
ADMM in 1 iters
d/dt = -1.66414
Ih = 56.3485
ADMM in 1 iters
d/dt = -1.31248
Ih = 56.3354
ADMM in 2 iters
d/dt = -0.974768
Ih = 56.3256
ADMM in 2 iters
d/dt = -0.649962
Ih = 56.3191
ADMM in 2 iters
d/dt = -0.325494
Ih = 56.3159
ADMM in 2 iters
d/dt = -0.0205625
Ih = 56.3157
ADMM in 2 iters
d/dt = 0.278208
Ih = 56.3184
converged
Took 31.4802 seconds
Took 14 iters
Monitor23D20
in Euler Ihorig = 56.6259
in Euler Ihorig = 56.5817
ADMM in 5 iters
d/dt = -inf
Ih = 56.5813
ADMM in 1 iters
d/dt = -4.13486
Ih = 56.54
ADMM in 1 iters
d/dt = -3.78859
Ih = 56.5021
ADMM in 1 iters
d/dt = -3.4447
Ih = 56.4676
ADMM in 1 iters
d/dt = -3.09722
Ih = 56.4367
ADMM in 1 iters
d/dt = -2.73996
Ih = 56.4093
ADMM in 1 iters
d/dt = -2.38702
Ih = 56.3854
ADMM in 1 iters
d/dt = -2.02567
Ih = 56.3651
ADMM in 1 iters
d/dt = -1.66414
Ih = 56.3485
ADMM in 1 iters
d/dt = -1.31248
Ih = 56.3354
ADMM in 2 iters
d/dt = -0.974768
Ih = 56.3256
ADMM in 2 iters
d/dt = -0.649962
Ih = 56.3191
ADMM in 2 iters
d/dt = -0.325494
Ih = 56.3159
ADMM in 2 iters
d/dt = -0.0205625
Ih = 56.3157
ADMM in 2 iters
d/dt = 0.278208
Ih = 56.3184
converged
Took 31.4893 seconds
Took 14 iters
Monitor23D20
in Euler Ihorig = 56.6259
in Euler Ihorig = 56.5817
ADMM in 5 iters
d/dt = -inf
Ih = 56.5813
ADMM in 1 iters
d/dt = -4.13486
Ih = 56.54
ADMM in 1 iters
d/dt = -3.78859
Ih = 56.5021
ADMM in 1 iters
d/dt = -3.4447
Ih = 56.4676
ADMM in 1 iters
d/dt = -3.09722
Ih = 56.4367
ADMM in 1 iters
d/dt = -2.73996
Ih = 56.4093
ADMM in 1 iters
d/dt = -2.38702
Ih = 56.3854
ADMM in 1 iters
d/dt = -2.02567
Ih = 56.3651
ADMM in 1 iters
d/dt = -1.66414
Ih = 56.3485
ADMM in 1 iters
d/dt = -1.31248
Ih = 56.3354
ADMM in 2 iters
d/dt = -0.974768
Ih = 56.3256
ADMM in 2 iters
d/dt = -0.649962
Ih = 56.3191
ADMM in 2 iters
d/dt = -0.325494
Ih = 56.3159
ADMM in 2 iters
d/dt = -0.0205625
Ih = 56.3157
ADMM in 2 iters
d/dt = 0.278208
Ih = 56.3184
converged
Took 31.7904 seconds
Took 14 iters
Monitor23D20
in Euler Ihorig = 56.6259
in Euler Ihorig = 56.5817
ADMM in 5 iters
d/dt = -inf
Ih = 56.5813
ADMM in 1 iters
d/dt = -4.13486
Ih = 56.54
ADMM in 1 iters
d/dt = -3.78859
Ih = 56.5021
ADMM in 1 iters
d/dt = -3.4447
Ih = 56.4676
ADMM in 1 iters
d/dt = -3.09722
Ih = 56.4367
ADMM in 1 iters
d/dt = -2.73996
Ih = 56.4093
ADMM in 1 iters
d/dt = -2.38702
Ih = 56.3854
ADMM in 1 iters
d/dt = -2.02567
Ih = 56.3651
ADMM in 1 iters
d/dt = -1.66414
Ih = 56.3485
ADMM in 1 iters
d/dt = -1.31248
Ih = 56.3354
ADMM in 2 iters
d/dt = -0.974768
Ih = 56.3256
ADMM in 2 iters
d/dt = -0.649962
Ih = 56.3191
ADMM in 2 iters
d/dt = -0.325494
Ih = 56.3159
ADMM in 2 iters
d/dt = -0.0205625
Ih = 56.3157
ADMM in 2 iters
d/dt = 0.278208
Ih = 56.3184
converged
Took 36.1961 seconds
Took 14 iters
Monitor23D20
in Euler Ihorig = 56.6259
in Euler Ihorig = 56.5817
ADMM in 5 iters
d/dt = -inf
Ih = 56.5813
ADMM in 1 iters
d/dt = -4.13486
Ih = 56.54
ADMM in 1 iters
d/dt = -3.78859
Ih = 56.5021
ADMM in 1 iters
d/dt = -3.4447
Ih = 56.4676
ADMM in 1 iters
d/dt = -3.09722
Ih = 56.4367
ADMM in 1 iters
d/dt = -2.73996
Ih = 56.4093
ADMM in 1 iters
d/dt = -2.38702
Ih = 56.3854
ADMM in 1 iters
d/dt = -2.02567
Ih = 56.3651
ADMM in 1 iters
d/dt = -1.66414
Ih = 56.3485
ADMM in 1 iters
d/dt = -1.31248
Ih = 56.3354
ADMM in 2 iters
d/dt = -0.974768
Ih = 56.3256
ADMM in 2 iters
d/dt = -0.649962
Ih = 56.3191
ADMM in 2 iters
d/dt = -0.325494
Ih = 56.3159
ADMM in 2 iters
d/dt = -0.0205625
Ih = 56.3157
ADMM in 2 iters
d/dt = 0.278208
Ih = 56.3184
converged
Took 35.907 seconds
Took 14 iters
Monitor23D20
in Euler Ihorig = 56.6259
in Euler Ihorig = 56.5817
ADMM in 5 iters
d/dt = -inf
Ih = 56.5813
ADMM in 1 iters
d/dt = -4.13486
Ih = 56.54
ADMM in 1 iters
d/dt = -3.78859
Ih = 56.5021
ADMM in 1 iters
d/dt = -3.4447
Ih = 56.4676
ADMM in 1 iters
d/dt = -3.09722
Ih = 56.4367
ADMM in 1 iters
d/dt = -2.73996
Ih = 56.4093
ADMM in 1 iters
d/dt = -2.38702
Ih = 56.3854
ADMM in 1 iters
d/dt = -2.02567
Ih = 56.3651
ADMM in 1 iters
d/dt = -1.66414
Ih = 56.3485
ADMM in 1 iters
d/dt = -1.31248
Ih = 56.3354
ADMM in 2 iters
d/dt = -0.974768
Ih = 56.3256
ADMM in 2 iters
d/dt = -0.649962
Ih = 56.3191
ADMM in 2 iters
d/dt = -0.325494
Ih = 56.3159
ADMM in 2 iters
d/dt = -0.0205625
Ih = 56.3157
ADMM in 2 iters
d/dt = 0.278208
Ih = 56.3184
converged
Took 36.6373 seconds
Took 14 iters
Monitor23D20
in Euler Ihorig = 56.6259
in Euler Ihorig = 56.5817
ADMM in 5 iters
d/dt = -inf
Ih = 56.5813
ADMM in 1 iters
d/dt = -4.13486
Ih = 56.54
ADMM in 1 iters
d/dt = -3.78859
Ih = 56.5021
ADMM in 1 iters
d/dt = -3.4447
Ih = 56.4676
ADMM in 1 iters
d/dt = -3.09722
Ih = 56.4367
ADMM in 1 iters
d/dt = -2.73996
Ih = 56.4093
ADMM in 1 iters
d/dt = -2.38702
Ih = 56.3854
ADMM in 1 iters
d/dt = -2.02567
Ih = 56.3651
ADMM in 1 iters
d/dt = -1.66414
Ih = 56.3485
ADMM in 1 iters
d/dt = -1.31248
Ih = 56.3354
ADMM in 2 iters
d/dt = -0.974768
Ih = 56.3256
ADMM in 2 iters
d/dt = -0.649962
Ih = 56.3191
ADMM in 2 iters
d/dt = -0.325494
Ih = 56.3159
ADMM in 2 iters
d/dt = -0.0205625
Ih = 56.3157
ADMM in 2 iters
d/dt = 0.278208
Ih = 56.3184
converged
Took 36.1998 seconds
Took 14 iters
Monitor23D20
in Euler Ihorig = 56.6259
in Euler Ihorig = 56.5817
ADMM in 5 iters
d/dt = -inf
Ih = 56.5813
ADMM in 1 iters
d/dt = -4.13486
Ih = 56.54
ADMM in 1 iters
d/dt = -3.78859
Ih = 56.5021
ADMM in 1 iters
d/dt = -3.4447
Ih = 56.4676
ADMM in 1 iters
d/dt = -3.09722
Ih = 56.4367
ADMM in 1 iters
d/dt = -2.73996
Ih = 56.4093
ADMM in 1 iters
d/dt = -2.38702
Ih = 56.3854
ADMM in 1 iters
d/dt = -2.02567
Ih = 56.3651
ADMM in 1 iters
d/dt = -1.66414
Ih = 56.3485
ADMM in 1 iters
d/dt = -1.31248
Ih = 56.3354
ADMM in 2 iters
d/dt = -0.974768
Ih = 56.3256
ADMM in 2 iters
d/dt = -0.649962
Ih = 56.3191
ADMM in 2 iters
d/dt = -0.325494
Ih = 56.3159
ADMM in 2 iters
d/dt = -0.0205625
Ih = 56.3157
ADMM in 2 iters
d/dt = 0.278208
Ih = 56.3184
converged
Took 36.1899 seconds
Took 14 iters
Monitor23D20
in Euler Ihorig = 56.6259
in Euler Ihorig = 56.5817
ADMM in 5 iters
d/dt = -inf
Ih = 56.5813
ADMM in 1 iters
d/dt = -4.13486
Ih = 56.54
ADMM in 1 iters
d/dt = -3.78859
Ih = 56.5021
ADMM in 1 iters
d/dt = -3.4447
Ih = 56.4676
ADMM in 1 iters
d/dt = -3.09722
Ih = 56.4367
ADMM in 1 iters
d/dt = -2.73996
Ih = 56.4093
ADMM in 1 iters
d/dt = -2.38702
Ih = 56.3854
ADMM in 1 iters
d/dt = -2.02567
Ih = 56.3651
ADMM in 1 iters
d/dt = -1.66414
Ih = 56.3485
ADMM in 1 iters
d/dt = -1.31248
Ih = 56.3354
ADMM in 2 iters
d/dt = -0.974768
Ih = 56.3256
ADMM in 2 iters
d/dt = -0.649962
Ih = 56.3191
ADMM in 2 iters
d/dt = -0.325494
Ih = 56.3159
ADMM in 2 iters
d/dt = -0.0205625
Ih = 56.3157
ADMM in 2 iters
d/dt = 0.278208
Ih = 56.3184
converged
Took 39.8869 seconds
Took 14 iters
Monitor23D20
in Euler Ihorig = 56.6259
in Euler Ihorig = 56.5817
ADMM in 5 iters
d/dt = -inf
Ih = 56.5813
ADMM in 1 iters
d/dt = -4.13486
Ih = 56.54
ADMM in 1 iters
d/dt = -3.78859
Ih = 56.5021
ADMM in 1 iters
d/dt = -3.4447
Ih = 56.4676
ADMM in 1 iters
d/dt = -3.09722
Ih = 56.4367
ADMM in 1 iters
d/dt = -2.73996
Ih = 56.4093
ADMM in 1 iters
d/dt = -2.38702
Ih = 56.3854
ADMM in 1 iters
d/dt = -2.02567
Ih = 56.3651
ADMM in 1 iters
d/dt = -1.66414
Ih = 56.3485
ADMM in 1 iters
d/dt = -1.31248
Ih = 56.3354
ADMM in 2 iters
d/dt = -0.974768
Ih = 56.3256
ADMM in 2 iters
d/dt = -0.649962
Ih = 56.3191
ADMM in 2 iters
d/dt = -0.325494
Ih = 56.3159
ADMM in 2 iters
d/dt = -0.0205625
Ih = 56.3157
ADMM in 2 iters
d/dt = 0.278208
Ih = 56.3184
converged
Took 39.6327 seconds
Took 14 iters
Monitor23D20
in Euler Ihorig = 56.6259
in Euler Ihorig = 56.5817
ADMM in 5 iters
d/dt = -inf
Ih = 56.5813
ADMM in 1 iters
d/dt = -4.13486
Ih = 56.54
ADMM in 1 iters
d/dt = -3.78859
Ih = 56.5021
ADMM in 1 iters
d/dt = -3.4447
Ih = 56.4676
ADMM in 1 iters
d/dt = -3.09722
Ih = 56.4367
ADMM in 1 iters
d/dt = -2.73996
Ih = 56.4093
ADMM in 1 iters
d/dt = -2.38702
Ih = 56.3854
ADMM in 1 iters
d/dt = -2.02567
Ih = 56.3651
ADMM in 1 iters
d/dt = -1.66414
Ih = 56.3485
ADMM in 1 iters
d/dt = -1.31248
Ih = 56.3354
ADMM in 2 iters
d/dt = -0.974768
Ih = 56.3256
ADMM in 2 iters
d/dt = -0.649962
Ih = 56.3191
ADMM in 2 iters
d/dt = -0.325494
Ih = 56.3159
ADMM in 2 iters
d/dt = -0.0205625
Ih = 56.3157
ADMM in 2 iters
d/dt = 0.278208
Ih = 56.3184
converged
Took 39.9982 seconds
Took 14 iters
Monitor23D20
in Euler Ihorig = 56.6259
in Euler Ihorig = 56.5817
ADMM in 5 iters
d/dt = -inf
Ih = 56.5813
ADMM in 1 iters
d/dt = -4.13486
Ih = 56.54
ADMM in 1 iters
d/dt = -3.78859
Ih = 56.5021
ADMM in 1 iters
d/dt = -3.4447
Ih = 56.4676
ADMM in 1 iters
d/dt = -3.09722
Ih = 56.4367
ADMM in 1 iters
d/dt = -2.73996
Ih = 56.4093
ADMM in 1 iters
d/dt = -2.38702
Ih = 56.3854
ADMM in 1 iters
d/dt = -2.02567
Ih = 56.3651
ADMM in 1 iters
d/dt = -1.66414
Ih = 56.3485
ADMM in 1 iters
d/dt = -1.31248
Ih = 56.3354
ADMM in 2 iters
d/dt = -0.974768
Ih = 56.3256
ADMM in 2 iters
d/dt = -0.649962
Ih = 56.3191
ADMM in 2 iters
d/dt = -0.325494
Ih = 56.3159
ADMM in 2 iters
d/dt = -0.0205625
Ih = 56.3157
ADMM in 2 iters
d/dt = 0.278208
Ih = 56.3184
converged
Took 40.0939 seconds
Took 14 iters
Monitor23D20
in Euler Ihorig = 56.6259
in Euler Ihorig = 56.5817
ADMM in 5 iters
d/dt = -inf
Ih = 56.5813
ADMM in 1 iters
d/dt = -4.13486
Ih = 56.54
ADMM in 1 iters
d/dt = -3.78859
Ih = 56.5021
ADMM in 1 iters
d/dt = -3.4447
Ih = 56.4676
ADMM in 1 iters
d/dt = -3.09722
Ih = 56.4367
ADMM in 1 iters
d/dt = -2.73996
Ih = 56.4093
ADMM in 1 iters
d/dt = -2.38702
Ih = 56.3854
ADMM in 1 iters
d/dt = -2.02567
Ih = 56.3651
ADMM in 1 iters
d/dt = -1.66414
Ih = 56.3485
ADMM in 1 iters
d/dt = -1.31248
Ih = 56.3354
ADMM in 2 iters
d/dt = -0.974768
Ih = 56.3256
ADMM in 2 iters
d/dt = -0.649962
Ih = 56.3191
ADMM in 2 iters
d/dt = -0.325494
Ih = 56.3159
ADMM in 2 iters
d/dt = -0.0205625
Ih = 56.3157
ADMM in 2 iters
d/dt = 0.278208
Ih = 56.3184
converged
Took 39.7939 seconds
Took 14 iters
Monitor23D20
in Euler Ihorig = 56.6259
in Euler Ihorig = 56.5817
ADMM in 5 iters
d/dt = -inf
Ih = 56.5813
ADMM in 1 iters
d/dt = -4.13486
Ih = 56.54
ADMM in 1 iters
d/dt = -3.78859
Ih = 56.5021
ADMM in 1 iters
d/dt = -3.4447
Ih = 56.4676
ADMM in 1 iters
d/dt = -3.09722
Ih = 56.4367
ADMM in 1 iters
d/dt = -2.73996
Ih = 56.4093
ADMM in 1 iters
d/dt = -2.38702
Ih = 56.3854
ADMM in 1 iters
d/dt = -2.02567
Ih = 56.3651
ADMM in 1 iters
d/dt = -1.66414
Ih = 56.3485
ADMM in 1 iters
d/dt = -1.31248
Ih = 56.3354
ADMM in 2 iters
d/dt = -0.974768
Ih = 56.3256
ADMM in 2 iters
d/dt = -0.649962
Ih = 56.3191
ADMM in 2 iters
d/dt = -0.325494
Ih = 56.3159
ADMM in 2 iters
d/dt = -0.0205625
Ih = 56.3157
ADMM in 2 iters
d/dt = 0.278208
Ih = 56.3184
converged
Took 45.7195 seconds
Took 14 iters
Monitor23D20
in Euler Ihorig = 56.6259
in Euler Ihorig = 56.5817
ADMM in 5 iters
d/dt = -inf
Ih = 56.5813
ADMM in 1 iters
d/dt = -4.13486
Ih = 56.54
ADMM in 1 iters
d/dt = -3.78859
Ih = 56.5021
ADMM in 1 iters
d/dt = -3.4447
Ih = 56.4676
ADMM in 1 iters
d/dt = -3.09722
Ih = 56.4367
ADMM in 1 iters
d/dt = -2.73996
Ih = 56.4093
ADMM in 1 iters
d/dt = -2.38702
Ih = 56.3854
ADMM in 1 iters
d/dt = -2.02567
Ih = 56.3651
ADMM in 1 iters
d/dt = -1.66414
Ih = 56.3485
ADMM in 1 iters
d/dt = -1.31248
Ih = 56.3354
ADMM in 2 iters
d/dt = -0.974768
Ih = 56.3256
ADMM in 2 iters
d/dt = -0.649962
Ih = 56.3191
ADMM in 2 iters
d/dt = -0.325494
Ih = 56.3159
ADMM in 2 iters
d/dt = -0.0205625
Ih = 56.3157
ADMM in 2 iters
d/dt = 0.278208
Ih = 56.3184
converged
Took 46.0437 seconds
Took 14 iters
Monitor23D20
in Euler Ihorig = 56.6259
in Euler Ihorig = 56.5817
ADMM in 5 iters
d/dt = -inf
Ih = 56.5813
ADMM in 1 iters
d/dt = -4.13486
Ih = 56.54
ADMM in 1 iters
d/dt = -3.78859
Ih = 56.5021
ADMM in 1 iters
d/dt = -3.4447
Ih = 56.4676
ADMM in 1 iters
d/dt = -3.09722
Ih = 56.4367
ADMM in 1 iters
d/dt = -2.73996
Ih = 56.4093
ADMM in 1 iters
d/dt = -2.38702
Ih = 56.3854
ADMM in 1 iters
d/dt = -2.02567
Ih = 56.3651
ADMM in 1 iters
d/dt = -1.66414
Ih = 56.3485
ADMM in 1 iters
d/dt = -1.31248
Ih = 56.3354
ADMM in 2 iters
d/dt = -0.974768
Ih = 56.3256
ADMM in 2 iters
d/dt = -0.649962
Ih = 56.3191
ADMM in 2 iters
d/dt = -0.325494
Ih = 56.3159
ADMM in 2 iters
d/dt = -0.0205625
Ih = 56.3157
ADMM in 2 iters
d/dt = 0.278208
Ih = 56.3184
converged
Took 47.2716 seconds
Took 14 iters
Monitor23D20
in Euler Ihorig = 56.6259
in Euler Ihorig = 56.5817
ADMM in 5 iters
d/dt = -inf
Ih = 56.5813
ADMM in 1 iters
d/dt = -4.13486
Ih = 56.54
ADMM in 1 iters
d/dt = -3.78859
Ih = 56.5021
ADMM in 1 iters
d/dt = -3.4447
Ih = 56.4676
ADMM in 1 iters
d/dt = -3.09722
Ih = 56.4367
ADMM in 1 iters
d/dt = -2.73996
Ih = 56.4093
ADMM in 1 iters
d/dt = -2.38702
Ih = 56.3854
ADMM in 1 iters
d/dt = -2.02567
Ih = 56.3651
ADMM in 1 iters
d/dt = -1.66414
Ih = 56.3485
ADMM in 1 iters
d/dt = -1.31248
Ih = 56.3354
ADMM in 2 iters
d/dt = -0.974768
Ih = 56.3256
ADMM in 2 iters
d/dt = -0.649962
Ih = 56.3191
ADMM in 2 iters
d/dt = -0.325494
Ih = 56.3159
ADMM in 2 iters
d/dt = -0.0205625
Ih = 56.3157
ADMM in 2 iters
d/dt = 0.278208
Ih = 56.3184
converged
Took 45.9776 seconds
Took 14 iters
Monitor23D20
in Euler Ihorig = 56.6259
in Euler Ihorig = 56.5817
ADMM in 5 iters
d/dt = -inf
Ih = 56.5813
ADMM in 1 iters
d/dt = -4.13486
Ih = 56.54
ADMM in 1 iters
d/dt = -3.78859
Ih = 56.5021
ADMM in 1 iters
d/dt = -3.4447
Ih = 56.4676
ADMM in 1 iters
d/dt = -3.09722
Ih = 56.4367
ADMM in 1 iters
d/dt = -2.73996
Ih = 56.4093
ADMM in 1 iters
d/dt = -2.38702
Ih = 56.3854
ADMM in 1 iters
d/dt = -2.02567
Ih = 56.3651
ADMM in 1 iters
d/dt = -1.66414
Ih = 56.3485
ADMM in 1 iters
d/dt = -1.31248
Ih = 56.3354
ADMM in 2 iters
d/dt = -0.974768
Ih = 56.3256
ADMM in 2 iters
d/dt = -0.649962
Ih = 56.3191
ADMM in 2 iters
d/dt = -0.325494
Ih = 56.3159
ADMM in 2 iters
d/dt = -0.0205625
Ih = 56.3157
ADMM in 2 iters
d/dt = 0.278208
Ih = 56.3184
converged
Took 46.2139 seconds
Took 14 iters
Monitor23D20
in Euler Ihorig = 56.6259
in Euler Ihorig = 56.5817
ADMM in 5 iters
d/dt = -inf
Ih = 56.5813
ADMM in 1 iters
d/dt = -4.13486
Ih = 56.54
ADMM in 1 iters
d/dt = -3.78859
Ih = 56.5021
ADMM in 1 iters
d/dt = -3.4447
Ih = 56.4676
ADMM in 1 iters
d/dt = -3.09722
Ih = 56.4367
ADMM in 1 iters
d/dt = -2.73996
Ih = 56.4093
ADMM in 1 iters
d/dt = -2.38702
Ih = 56.3854
ADMM in 1 iters
d/dt = -2.02567
Ih = 56.3651
ADMM in 1 iters
d/dt = -1.66414
Ih = 56.3485
ADMM in 1 iters
d/dt = -1.31248
Ih = 56.3354
ADMM in 2 iters
d/dt = -0.974768
Ih = 56.3256
ADMM in 2 iters
d/dt = -0.649962
Ih = 56.3191
ADMM in 2 iters
d/dt = -0.325494
Ih = 56.3159
ADMM in 2 iters
d/dt = -0.0205625
Ih = 56.3157
ADMM in 2 iters
d/dt = 0.278208
Ih = 56.3184
converged
Took 54.3968 seconds
Took 14 iters
Monitor23D20
in Euler Ihorig = 56.6259
in Euler Ihorig = 56.5817
ADMM in 5 iters
d/dt = -inf
Ih = 56.5813
ADMM in 1 iters
d/dt = -4.13486
Ih = 56.54
ADMM in 1 iters
d/dt = -3.78859
Ih = 56.5021
ADMM in 1 iters
d/dt = -3.4447
Ih = 56.4676
ADMM in 1 iters
d/dt = -3.09722
Ih = 56.4367
ADMM in 1 iters
d/dt = -2.73996
Ih = 56.4093
ADMM in 1 iters
d/dt = -2.38702
Ih = 56.3854
ADMM in 1 iters
d/dt = -2.02567
Ih = 56.3651
ADMM in 1 iters
d/dt = -1.66414
Ih = 56.3485
ADMM in 1 iters
d/dt = -1.31248
Ih = 56.3354
ADMM in 2 iters
d/dt = -0.974768
Ih = 56.3256
ADMM in 2 iters
d/dt = -0.649962
Ih = 56.3191
ADMM in 2 iters
d/dt = -0.325494
Ih = 56.3159
ADMM in 2 iters
d/dt = -0.0205625
Ih = 56.3157
ADMM in 2 iters
d/dt = 0.278208
Ih = 56.3184
converged
Took 54.0248 seconds
Took 14 iters
Monitor23D20
in Euler Ihorig = 56.6259
in Euler Ihorig = 56.5817
ADMM in 5 iters
d/dt = -inf
Ih = 56.5813
ADMM in 1 iters
d/dt = -4.13486
Ih = 56.54
ADMM in 1 iters
d/dt = -3.78859
Ih = 56.5021
ADMM in 1 iters
d/dt = -3.4447
Ih = 56.4676
ADMM in 1 iters
d/dt = -3.09722
Ih = 56.4367
ADMM in 1 iters
d/dt = -2.73996
Ih = 56.4093
ADMM in 1 iters
d/dt = -2.38702
Ih = 56.3854
ADMM in 1 iters
d/dt = -2.02567
Ih = 56.3651
ADMM in 1 iters
d/dt = -1.66414
Ih = 56.3485
ADMM in 1 iters
d/dt = -1.31248
Ih = 56.3354
ADMM in 2 iters
d/dt = -0.974768
Ih = 56.3256
ADMM in 2 iters
d/dt = -0.649962
Ih = 56.3191
ADMM in 2 iters
d/dt = -0.325494
Ih = 56.3159
ADMM in 2 iters
d/dt = -0.0205625
Ih = 56.3157
ADMM in 2 iters
d/dt = 0.278208
Ih = 56.3184
converged
Took 54.3801 seconds
Took 14 iters
Monitor23D20
in Euler Ihorig = 56.6259
in Euler Ihorig = 56.5817
ADMM in 5 iters
d/dt = -inf
Ih = 56.5813
ADMM in 1 iters
d/dt = -4.13486
Ih = 56.54
ADMM in 1 iters
d/dt = -3.78859
Ih = 56.5021
ADMM in 1 iters
d/dt = -3.4447
Ih = 56.4676
ADMM in 1 iters
d/dt = -3.09722
Ih = 56.4367
ADMM in 1 iters
d/dt = -2.73996
Ih = 56.4093
ADMM in 1 iters
d/dt = -2.38702
Ih = 56.3854
ADMM in 1 iters
d/dt = -2.02567
Ih = 56.3651
ADMM in 1 iters
d/dt = -1.66414
Ih = 56.3485
ADMM in 1 iters
d/dt = -1.31248
Ih = 56.3354
ADMM in 2 iters
d/dt = -0.974768
Ih = 56.3256
ADMM in 2 iters
d/dt = -0.649962
Ih = 56.3191
ADMM in 2 iters
d/dt = -0.325494
Ih = 56.3159
ADMM in 2 iters
d/dt = -0.0205625
Ih = 56.3157
ADMM in 2 iters
d/dt = 0.278208
Ih = 56.3184
converged
Took 53.6066 seconds
Took 14 iters
Monitor23D20
in Euler Ihorig = 56.6259
in Euler Ihorig = 56.5817
ADMM in 5 iters
d/dt = -inf
Ih = 56.5813
ADMM in 1 iters
d/dt = -4.13486
Ih = 56.54
ADMM in 1 iters
d/dt = -3.78859
Ih = 56.5021
ADMM in 1 iters
d/dt = -3.4447
Ih = 56.4676
ADMM in 1 iters
d/dt = -3.09722
Ih = 56.4367
ADMM in 1 iters
d/dt = -2.73996
Ih = 56.4093
ADMM in 1 iters
d/dt = -2.38702
Ih = 56.3854
ADMM in 1 iters
d/dt = -2.02567
Ih = 56.3651
ADMM in 1 iters
d/dt = -1.66414
Ih = 56.3485
ADMM in 1 iters
d/dt = -1.31248
Ih = 56.3354
ADMM in 2 iters
d/dt = -0.974768
Ih = 56.3256
ADMM in 2 iters
d/dt = -0.649962
Ih = 56.3191
ADMM in 2 iters
d/dt = -0.325494
Ih = 56.3159
ADMM in 2 iters
d/dt = -0.0205625
Ih = 56.3157
ADMM in 2 iters
d/dt = 0.278208
Ih = 56.3184
converged
Took 54.6538 seconds
Took 14 iters
Monitor23D40
in Euler Ihorig = 56.7786
in Euler Ihorig = 56.7707
ADMM in 4 iters
d/dt = -inf
Ih = 56.7707
ADMM in 1 iters
d/dt = -0.784089
Ih = 56.7628
ADMM in 1 iters
d/dt = -0.768383
Ih = 56.7551
ADMM in 1 iters
d/dt = -0.751303
Ih = 56.7476
ADMM in 1 iters
d/dt = -0.733595
Ih = 56.7403
ADMM in 1 iters
d/dt = -0.715131
Ih = 56.7331
ADMM in 1 iters
d/dt = -0.696537
Ih = 56.7262
ADMM in 1 iters
d/dt = -0.677398
Ih = 56.7194
ADMM in 1 iters
d/dt = -0.658039
Ih = 56.7128
ADMM in 1 iters
d/dt = -0.638137
Ih = 56.7064
ADMM in 1 iters
d/dt = -0.618208
Ih = 56.7002
ADMM in 1 iters
d/dt = -0.598734
Ih = 56.6943
ADMM in 1 iters
d/dt = -0.579323
Ih = 56.6885
ADMM in 1 iters
d/dt = -0.560687
Ih = 56.6829
ADMM in 1 iters
d/dt = -0.542682
Ih = 56.6774
ADMM in 1 iters
d/dt = -0.524612
Ih = 56.6722
ADMM in 1 iters
d/dt = -0.507204
Ih = 56.6671
ADMM in 1 iters
d/dt = -0.490326
Ih = 56.6622
ADMM in 1 iters
d/dt = -0.474199
Ih = 56.6575
ADMM in 1 iters
d/dt = -0.458917
Ih = 56.6529
ADMM in 1 iters
d/dt = -0.444883
Ih = 56.6484
ADMM in 1 iters
d/dt = -0.432415
Ih = 56.6441
ADMM in 1 iters
d/dt = -0.420487
Ih = 56.6399
ADMM in 1 iters
d/dt = -0.409243
Ih = 56.6358
ADMM in 1 iters
d/dt = -0.3992
Ih = 56.6318
ADMM in 1 iters
d/dt = -0.390132
Ih = 56.6279
ADMM in 1 iters
d/dt = -0.38198
Ih = 56.6241
ADMM in 1 iters
d/dt = -0.375084
Ih = 56.6203
ADMM in 1 iters
d/dt = -0.369312
Ih = 56.6167
ADMM in 1 iters
d/dt = -0.364718
Ih = 56.613
ADMM in 1 iters
d/dt = -0.361526
Ih = 56.6094
ADMM in 1 iters
d/dt = -0.359542
Ih = 56.6058
ADMM in 1 iters
d/dt = -0.358492
Ih = 56.6022
ADMM in 1 iters
d/dt = -0.358489
Ih = 56.5986
ADMM in 1 iters
d/dt = -0.359846
Ih = 56.595
ADMM in 1 iters
d/dt = -0.362582
Ih = 56.5914
ADMM in 1 iters
d/dt = -0.366792
Ih = 56.5877
ADMM in 1 iters
d/dt = -0.371697
Ih = 56.584
ADMM in 1 iters
d/dt = -0.377563
Ih = 56.5802
ADMM in 1 iters
d/dt = -0.384544
Ih = 56.5764
ADMM in 1 iters
d/dt = -0.392498
Ih = 56.5725
ADMM in 1 iters
d/dt = -0.40144
Ih = 56.5685
ADMM in 1 iters
d/dt = -0.411346
Ih = 56.5643
ADMM in 1 iters
d/dt = -0.422118
Ih = 56.5601
ADMM in 1 iters
d/dt = -0.433596
Ih = 56.5558
ADMM in 1 iters
d/dt = -0.445709
Ih = 56.5513
ADMM in 1 iters
d/dt = -0.458457
Ih = 56.5467
ADMM in 1 iters
d/dt = -0.471703
Ih = 56.542
ADMM in 1 iters
d/dt = -0.48531
Ih = 56.5372
ADMM in 1 iters
d/dt = -0.499421
Ih = 56.5322
ADMM in 1 iters
d/dt = -0.513706
Ih = 56.527
ADMM in 1 iters
d/dt = -0.527903
Ih = 56.5218
ADMM in 1 iters
d/dt = -0.542434
Ih = 56.5163
ADMM in 1 iters
d/dt = -0.556921
Ih = 56.5108
ADMM in 1 iters
d/dt = -0.571575
Ih = 56.5051
ADMM in 1 iters
d/dt = -0.586326
Ih = 56.4992
ADMM in 1 iters
d/dt = -0.600841
Ih = 56.4932
ADMM in 1 iters
d/dt = -0.614769
Ih = 56.487
ADMM in 1 iters
d/dt = -0.628221
Ih = 56.4808
ADMM in 1 iters
d/dt = -0.641203
Ih = 56.4743
ADMM in 1 iters
d/dt = -0.65348
Ih = 56.4678
ADMM in 1 iters
d/dt = -0.665162
Ih = 56.4612
ADMM in 1 iters
d/dt = -0.676056
Ih = 56.4544
ADMM in 1 iters
d/dt = -0.68613
Ih = 56.4475
ADMM in 1 iters
d/dt = -0.695331
Ih = 56.4406
ADMM in 1 iters
d/dt = -0.703534
Ih = 56.4335
ADMM in 1 iters
d/dt = -0.710705
Ih = 56.4264
ADMM in 1 iters
d/dt = -0.716643
Ih = 56.4193
ADMM in 1 iters
d/dt = -0.721549
Ih = 56.4121
ADMM in 1 iters
d/dt = -0.725354
Ih = 56.4048
ADMM in 1 iters
d/dt = -0.727986
Ih = 56.3975
ADMM in 1 iters
d/dt = -0.729415
Ih = 56.3902
ADMM in 1 iters
d/dt = -0.729561
Ih = 56.3829
ADMM in 1 iters
d/dt = -0.728399
Ih = 56.3756
ADMM in 1 iters
d/dt = -0.725982
Ih = 56.3684
ADMM in 1 iters
d/dt = -0.722206
Ih = 56.3612
ADMM in 1 iters
d/dt = -0.716926
Ih = 56.354
ADMM in 1 iters
d/dt = -0.710348
Ih = 56.3469
ADMM in 1 iters
d/dt = -0.702333
Ih = 56.3399
ADMM in 1 iters
d/dt = -0.693081
Ih = 56.3329
ADMM in 1 iters
d/dt = -0.682593
Ih = 56.3261
ADMM in 1 iters
d/dt = -0.670872
Ih = 56.3194
ADMM in 1 iters
d/dt = -0.657809
Ih = 56.3128
ADMM in 1 iters
d/dt = -0.643585
Ih = 56.3064
ADMM in 1 iters
d/dt = -0.628319
Ih = 56.3001
ADMM in 1 iters
d/dt = -0.611938
Ih = 56.294
ADMM in 1 iters
d/dt = -0.594408
Ih = 56.288
ADMM in 1 iters
d/dt = -0.575945
Ih = 56.2823
ADMM in 1 iters
d/dt = -0.556571
Ih = 56.2767
ADMM in 1 iters
d/dt = -0.536497
Ih = 56.2714
ADMM in 1 iters
d/dt = -0.515476
Ih = 56.2662
ADMM in 1 iters
d/dt = -0.493544
Ih = 56.2613
ADMM in 1 iters
d/dt = -0.470904
Ih = 56.2566
ADMM in 1 iters
d/dt = -0.447731
Ih = 56.2521
ADMM in 1 iters
d/dt = -0.423991
Ih = 56.2478
ADMM in 1 iters
d/dt = -0.399802
Ih = 56.2438
ADMM in 1 iters
d/dt = -0.375254
Ih = 56.2401
ADMM in 1 iters
d/dt = -0.350309
Ih = 56.2366
ADMM in 1 iters
d/dt = -0.325253
Ih = 56.2333
ADMM in 1 iters
d/dt = -0.300245
Ih = 56.2303
ADMM in 1 iters
d/dt = -0.275082
Ih = 56.2276
ADMM in 1 iters
d/dt = -0.249864
Ih = 56.2251
ADMM in 1 iters
d/dt = -0.224476
Ih = 56.2228
ADMM in 1 iters
d/dt = -0.199287
Ih = 56.2208
ADMM in 1 iters
d/dt = -0.174445
Ih = 56.2191
ADMM in 1 iters
d/dt = -0.150178
Ih = 56.2176
ADMM in 1 iters
d/dt = -0.126215
Ih = 56.2163
ADMM in 1 iters
d/dt = -0.102725
Ih = 56.2153
ADMM in 1 iters
d/dt = -0.0798556
Ih = 56.2145
ADMM in 1 iters
d/dt = -0.0575776
Ih = 56.2139
ADMM in 1 iters
d/dt = -0.0358808
Ih = 56.2136
ADMM in 1 iters
d/dt = -0.0150926
Ih = 56.2134
ADMM in 1 iters
d/dt = 0.00479611
Ih = 56.2135
converged
Took 1032.89 seconds
Took 112 iters
Monitor23D40
in Euler Ihorig = 56.7786
in Euler Ihorig = 56.7707
ADMM in 4 iters
d/dt = -inf
Ih = 56.7707
ADMM in 1 iters
d/dt = -0.784089
Ih = 56.7628
ADMM in 1 iters
d/dt = -0.768383
Ih = 56.7551
ADMM in 1 iters
d/dt = -0.751303
Ih = 56.7476
ADMM in 1 iters
d/dt = -0.733595
Ih = 56.7403
ADMM in 1 iters
d/dt = -0.715131
Ih = 56.7331
ADMM in 1 iters
d/dt = -0.696537
Ih = 56.7262
ADMM in 1 iters
d/dt = -0.677398
Ih = 56.7194
ADMM in 1 iters
d/dt = -0.658039
Ih = 56.7128
ADMM in 1 iters
d/dt = -0.638137
Ih = 56.7064
ADMM in 1 iters
d/dt = -0.618208
Ih = 56.7002
ADMM in 1 iters
d/dt = -0.598734
Ih = 56.6943
ADMM in 1 iters
d/dt = -0.579323
Ih = 56.6885
ADMM in 1 iters
d/dt = -0.560687
Ih = 56.6829
ADMM in 1 iters
d/dt = -0.542682
Ih = 56.6774
ADMM in 1 iters
d/dt = -0.524612
Ih = 56.6722
ADMM in 1 iters
d/dt = -0.507204
Ih = 56.6671
ADMM in 1 iters
d/dt = -0.490326
Ih = 56.6622
ADMM in 1 iters
d/dt = -0.474199
Ih = 56.6575
ADMM in 1 iters
d/dt = -0.458917
Ih = 56.6529
ADMM in 1 iters
d/dt = -0.444883
Ih = 56.6484
ADMM in 1 iters
d/dt = -0.432415
Ih = 56.6441
ADMM in 1 iters
d/dt = -0.420487
Ih = 56.6399
ADMM in 1 iters
d/dt = -0.409243
Ih = 56.6358
ADMM in 1 iters
d/dt = -0.3992
Ih = 56.6318
ADMM in 1 iters
d/dt = -0.390132
Ih = 56.6279
ADMM in 1 iters
d/dt = -0.38198
Ih = 56.6241
ADMM in 1 iters
d/dt = -0.375084
Ih = 56.6203
ADMM in 1 iters
d/dt = -0.369312
Ih = 56.6167
ADMM in 1 iters
d/dt = -0.364718
Ih = 56.613
ADMM in 1 iters
d/dt = -0.361526
Ih = 56.6094
ADMM in 1 iters
d/dt = -0.359542
Ih = 56.6058
ADMM in 1 iters
d/dt = -0.358492
Ih = 56.6022
ADMM in 1 iters
d/dt = -0.358489
Ih = 56.5986
ADMM in 1 iters
d/dt = -0.359846
Ih = 56.595
ADMM in 1 iters
d/dt = -0.362582
Ih = 56.5914
ADMM in 1 iters
d/dt = -0.366792
Ih = 56.5877
ADMM in 1 iters
d/dt = -0.371697
Ih = 56.584
ADMM in 1 iters
d/dt = -0.377563
Ih = 56.5802
ADMM in 1 iters
d/dt = -0.384544
Ih = 56.5764
ADMM in 1 iters
d/dt = -0.392498
Ih = 56.5725
ADMM in 1 iters
d/dt = -0.40144
Ih = 56.5685
ADMM in 1 iters
d/dt = -0.411346
Ih = 56.5643
ADMM in 1 iters
d/dt = -0.422118
Ih = 56.5601
ADMM in 1 iters
d/dt = -0.433596
Ih = 56.5558
ADMM in 1 iters
d/dt = -0.445709
Ih = 56.5513
ADMM in 1 iters
d/dt = -0.458457
Ih = 56.5467
ADMM in 1 iters
d/dt = -0.471703
Ih = 56.542
ADMM in 1 iters
d/dt = -0.48531
Ih = 56.5372
ADMM in 1 iters
d/dt = -0.499421
Ih = 56.5322
ADMM in 1 iters
d/dt = -0.513706
Ih = 56.527
ADMM in 1 iters
d/dt = -0.527903
Ih = 56.5218
ADMM in 1 iters
d/dt = -0.542434
Ih = 56.5163
ADMM in 1 iters
d/dt = -0.556921
Ih = 56.5108
ADMM in 1 iters
d/dt = -0.571575
Ih = 56.5051
ADMM in 1 iters
d/dt = -0.586326
Ih = 56.4992
ADMM in 1 iters
d/dt = -0.600841
Ih = 56.4932
ADMM in 1 iters
d/dt = -0.614769
Ih = 56.487
ADMM in 1 iters
d/dt = -0.628221
Ih = 56.4808
ADMM in 1 iters
d/dt = -0.641203
Ih = 56.4743
ADMM in 1 iters
d/dt = -0.65348
Ih = 56.4678
ADMM in 1 iters
d/dt = -0.665162
Ih = 56.4612
ADMM in 1 iters
d/dt = -0.676056
Ih = 56.4544
ADMM in 1 iters
d/dt = -0.68613
Ih = 56.4475
ADMM in 1 iters
d/dt = -0.695331
Ih = 56.4406
ADMM in 1 iters
d/dt = -0.703534
Ih = 56.4335
ADMM in 1 iters
d/dt = -0.710705
Ih = 56.4264
ADMM in 1 iters
d/dt = -0.716643
Ih = 56.4193
ADMM in 1 iters
d/dt = -0.721549
Ih = 56.4121
ADMM in 1 iters
d/dt = -0.725354
Ih = 56.4048
ADMM in 1 iters
d/dt = -0.727986
Ih = 56.3975
ADMM in 1 iters
d/dt = -0.729415
Ih = 56.3902
ADMM in 1 iters
d/dt = -0.729561
Ih = 56.3829
ADMM in 1 iters
d/dt = -0.728399
Ih = 56.3756
ADMM in 1 iters
d/dt = -0.725982
Ih = 56.3684
ADMM in 1 iters
d/dt = -0.722206
Ih = 56.3612
ADMM in 1 iters
d/dt = -0.716926
Ih = 56.354
ADMM in 1 iters
d/dt = -0.710348
Ih = 56.3469
ADMM in 1 iters
d/dt = -0.702333
Ih = 56.3399
ADMM in 1 iters
d/dt = -0.693081
Ih = 56.3329
ADMM in 1 iters
d/dt = -0.682593
Ih = 56.3261
ADMM in 1 iters
d/dt = -0.670872
Ih = 56.3194
ADMM in 1 iters
d/dt = -0.657809
Ih = 56.3128
ADMM in 1 iters
d/dt = -0.643585
Ih = 56.3064
ADMM in 1 iters
d/dt = -0.628319
Ih = 56.3001
ADMM in 1 iters
d/dt = -0.611938
Ih = 56.294
ADMM in 1 iters
d/dt = -0.594408
Ih = 56.288
ADMM in 1 iters
d/dt = -0.575945
Ih = 56.2823
ADMM in 1 iters
d/dt = -0.556571
Ih = 56.2767
ADMM in 1 iters
d/dt = -0.536497
Ih = 56.2714
ADMM in 1 iters
d/dt = -0.515476
Ih = 56.2662
ADMM in 1 iters
d/dt = -0.493544
Ih = 56.2613
ADMM in 1 iters
d/dt = -0.470904
Ih = 56.2566
ADMM in 1 iters
d/dt = -0.447731
Ih = 56.2521
ADMM in 1 iters
d/dt = -0.423991
Ih = 56.2478
ADMM in 1 iters
d/dt = -0.399802
Ih = 56.2438
ADMM in 1 iters
d/dt = -0.375254
Ih = 56.2401
ADMM in 1 iters
d/dt = -0.350309
Ih = 56.2366
ADMM in 1 iters
d/dt = -0.325253
Ih = 56.2333
ADMM in 1 iters
d/dt = -0.300245
Ih = 56.2303
ADMM in 1 iters
d/dt = -0.275082
Ih = 56.2276
ADMM in 1 iters
d/dt = -0.249864
Ih = 56.2251
ADMM in 1 iters
d/dt = -0.224476
Ih = 56.2228
ADMM in 1 iters
d/dt = -0.199287
Ih = 56.2208
ADMM in 1 iters
d/dt = -0.174445
Ih = 56.2191
ADMM in 1 iters
d/dt = -0.150178
Ih = 56.2176
ADMM in 1 iters
d/dt = -0.126215
Ih = 56.2163
ADMM in 1 iters
d/dt = -0.102725
Ih = 56.2153
ADMM in 1 iters
d/dt = -0.0798556
Ih = 56.2145
ADMM in 1 iters
d/dt = -0.0575776
Ih = 56.2139
ADMM in 1 iters
d/dt = -0.0358808
Ih = 56.2136
ADMM in 1 iters
d/dt = -0.0150926
Ih = 56.2134
ADMM in 1 iters
d/dt = 0.00479611
Ih = 56.2135
converged
Took 1048.09 seconds
Took 112 iters
Monitor23D40
in Euler Ihorig = 56.7786
in Euler Ihorig = 56.7707
ADMM in 4 iters
d/dt = -inf
Ih = 56.7707
ADMM in 1 iters
d/dt = -0.784089
Ih = 56.7628
ADMM in 1 iters
d/dt = -0.768383
Ih = 56.7551
ADMM in 1 iters
d/dt = -0.751303
Ih = 56.7476
ADMM in 1 iters
d/dt = -0.733595
Ih = 56.7403
ADMM in 1 iters
d/dt = -0.715131
Ih = 56.7331
ADMM in 1 iters
d/dt = -0.696537
Ih = 56.7262
ADMM in 1 iters
d/dt = -0.677398
Ih = 56.7194
ADMM in 1 iters
d/dt = -0.658039
Ih = 56.7128
ADMM in 1 iters
d/dt = -0.638137
Ih = 56.7064
ADMM in 1 iters
d/dt = -0.618208
Ih = 56.7002
ADMM in 1 iters
d/dt = -0.598734
Ih = 56.6943
ADMM in 1 iters
d/dt = -0.579323
Ih = 56.6885
ADMM in 1 iters
d/dt = -0.560687
Ih = 56.6829
ADMM in 1 iters
d/dt = -0.542682
Ih = 56.6774
ADMM in 1 iters
d/dt = -0.524612
Ih = 56.6722
ADMM in 1 iters
d/dt = -0.507204
Ih = 56.6671
ADMM in 1 iters
d/dt = -0.490326
Ih = 56.6622
ADMM in 1 iters
d/dt = -0.474199
Ih = 56.6575
ADMM in 1 iters
d/dt = -0.458917
Ih = 56.6529
ADMM in 1 iters
d/dt = -0.444883
Ih = 56.6484
ADMM in 1 iters
d/dt = -0.432415
Ih = 56.6441
ADMM in 1 iters
d/dt = -0.420487
Ih = 56.6399
ADMM in 1 iters
d/dt = -0.409243
Ih = 56.6358
ADMM in 1 iters
d/dt = -0.3992
Ih = 56.6318
ADMM in 1 iters
d/dt = -0.390132
Ih = 56.6279
ADMM in 1 iters
d/dt = -0.38198
Ih = 56.6241
ADMM in 1 iters
d/dt = -0.375084
Ih = 56.6203
ADMM in 1 iters
d/dt = -0.369312
Ih = 56.6167
ADMM in 1 iters
d/dt = -0.364718
Ih = 56.613
ADMM in 1 iters
d/dt = -0.361526
Ih = 56.6094
ADMM in 1 iters
d/dt = -0.359542
Ih = 56.6058
ADMM in 1 iters
d/dt = -0.358492
Ih = 56.6022
ADMM in 1 iters
d/dt = -0.358489
Ih = 56.5986
ADMM in 1 iters
d/dt = -0.359846
Ih = 56.595
ADMM in 1 iters
d/dt = -0.362582
Ih = 56.5914
ADMM in 1 iters
d/dt = -0.366792
Ih = 56.5877
ADMM in 1 iters
d/dt = -0.371697
Ih = 56.584
ADMM in 1 iters
d/dt = -0.377563
Ih = 56.5802
ADMM in 1 iters
d/dt = -0.384544
Ih = 56.5764
ADMM in 1 iters
d/dt = -0.392498
Ih = 56.5725
ADMM in 1 iters
d/dt = -0.40144
Ih = 56.5685
ADMM in 1 iters
d/dt = -0.411346
Ih = 56.5643
ADMM in 1 iters
d/dt = -0.422118
Ih = 56.5601
ADMM in 1 iters
d/dt = -0.433596
Ih = 56.5558
ADMM in 1 iters
d/dt = -0.445709
Ih = 56.5513
ADMM in 1 iters
d/dt = -0.458457
Ih = 56.5467
ADMM in 1 iters
d/dt = -0.471703
Ih = 56.542
ADMM in 1 iters
d/dt = -0.48531
Ih = 56.5372
ADMM in 1 iters
d/dt = -0.499421
Ih = 56.5322
ADMM in 1 iters
d/dt = -0.513706
Ih = 56.527
ADMM in 1 iters
d/dt = -0.527903
Ih = 56.5218
ADMM in 1 iters
d/dt = -0.542434
Ih = 56.5163
ADMM in 1 iters
d/dt = -0.556921
Ih = 56.5108
ADMM in 1 iters
d/dt = -0.571575
Ih = 56.5051
ADMM in 1 iters
d/dt = -0.586326
Ih = 56.4992
ADMM in 1 iters
d/dt = -0.600841
Ih = 56.4932
ADMM in 1 iters
d/dt = -0.614769
Ih = 56.487
ADMM in 1 iters
d/dt = -0.628221
Ih = 56.4808
ADMM in 1 iters
d/dt = -0.641203
Ih = 56.4743
ADMM in 1 iters
d/dt = -0.65348
Ih = 56.4678
ADMM in 1 iters
d/dt = -0.665162
Ih = 56.4612
ADMM in 1 iters
d/dt = -0.676056
Ih = 56.4544
ADMM in 1 iters
d/dt = -0.68613
Ih = 56.4475
ADMM in 1 iters
d/dt = -0.695331
Ih = 56.4406
ADMM in 1 iters
d/dt = -0.703534
Ih = 56.4335
ADMM in 1 iters
d/dt = -0.710705
Ih = 56.4264
ADMM in 1 iters
d/dt = -0.716643
Ih = 56.4193
ADMM in 1 iters
d/dt = -0.721549
Ih = 56.4121
ADMM in 1 iters
d/dt = -0.725354
Ih = 56.4048
ADMM in 1 iters
d/dt = -0.727986
Ih = 56.3975
ADMM in 1 iters
d/dt = -0.729415
Ih = 56.3902
ADMM in 1 iters
d/dt = -0.729561
Ih = 56.3829
ADMM in 1 iters
d/dt = -0.728399
Ih = 56.3756
ADMM in 1 iters
d/dt = -0.725982
Ih = 56.3684
ADMM in 1 iters
d/dt = -0.722206
Ih = 56.3612
ADMM in 1 iters
d/dt = -0.716926
Ih = 56.354
ADMM in 1 iters
d/dt = -0.710348
Ih = 56.3469
ADMM in 1 iters
d/dt = -0.702333
Ih = 56.3399
ADMM in 1 iters
d/dt = -0.693081
Ih = 56.3329
ADMM in 1 iters
d/dt = -0.682593
Ih = 56.3261
ADMM in 1 iters
d/dt = -0.670872
Ih = 56.3194
ADMM in 1 iters
d/dt = -0.657809
Ih = 56.3128
ADMM in 1 iters
d/dt = -0.643585
Ih = 56.3064
ADMM in 1 iters
d/dt = -0.628319
Ih = 56.3001
ADMM in 1 iters
d/dt = -0.611938
Ih = 56.294
ADMM in 1 iters
d/dt = -0.594408
Ih = 56.288
ADMM in 1 iters
d/dt = -0.575945
Ih = 56.2823
ADMM in 1 iters
d/dt = -0.556571
Ih = 56.2767
ADMM in 1 iters
d/dt = -0.536497
Ih = 56.2714
ADMM in 1 iters
d/dt = -0.515476
Ih = 56.2662
ADMM in 1 iters
d/dt = -0.493544
Ih = 56.2613
ADMM in 1 iters
d/dt = -0.470904
Ih = 56.2566
ADMM in 1 iters
d/dt = -0.447731
Ih = 56.2521
ADMM in 1 iters
d/dt = -0.423991
Ih = 56.2478
ADMM in 1 iters
d/dt = -0.399802
Ih = 56.2438
ADMM in 1 iters
d/dt = -0.375254
Ih = 56.2401
ADMM in 1 iters
d/dt = -0.350309
Ih = 56.2366
ADMM in 1 iters
d/dt = -0.325253
Ih = 56.2333
ADMM in 1 iters
d/dt = -0.300245
Ih = 56.2303
ADMM in 1 iters
d/dt = -0.275082
Ih = 56.2276
ADMM in 1 iters
d/dt = -0.249864
Ih = 56.2251
ADMM in 1 iters
d/dt = -0.224476
Ih = 56.2228
ADMM in 1 iters
d/dt = -0.199287
Ih = 56.2208
ADMM in 1 iters
d/dt = -0.174445
Ih = 56.2191
ADMM in 1 iters
d/dt = -0.150178
Ih = 56.2176
ADMM in 1 iters
d/dt = -0.126215
Ih = 56.2163
ADMM in 1 iters
d/dt = -0.102725
Ih = 56.2153
ADMM in 1 iters
d/dt = -0.0798556
Ih = 56.2145
ADMM in 1 iters
d/dt = -0.0575776
Ih = 56.2139
ADMM in 1 iters
d/dt = -0.0358808
Ih = 56.2136
ADMM in 1 iters
d/dt = -0.0150926
Ih = 56.2134
ADMM in 1 iters
d/dt = 0.00479611
Ih = 56.2135
converged
Took 1040.93 seconds
Took 112 iters
Monitor23D40
in Euler Ihorig = 56.7786
in Euler Ihorig = 56.7707
ADMM in 4 iters
d/dt = -inf
Ih = 56.7707
ADMM in 1 iters
d/dt = -0.784089
Ih = 56.7628
ADMM in 1 iters
d/dt = -0.768383
Ih = 56.7551
ADMM in 1 iters
d/dt = -0.751303
Ih = 56.7476
ADMM in 1 iters
d/dt = -0.733595
Ih = 56.7403
ADMM in 1 iters
d/dt = -0.715131
Ih = 56.7331
ADMM in 1 iters
d/dt = -0.696537
Ih = 56.7262
ADMM in 1 iters
d/dt = -0.677398
Ih = 56.7194
ADMM in 1 iters
d/dt = -0.658039
Ih = 56.7128
ADMM in 1 iters
d/dt = -0.638137
Ih = 56.7064
ADMM in 1 iters
d/dt = -0.618208
Ih = 56.7002
ADMM in 1 iters
d/dt = -0.598734
Ih = 56.6943
ADMM in 1 iters
d/dt = -0.579323
Ih = 56.6885
ADMM in 1 iters
d/dt = -0.560687
Ih = 56.6829
ADMM in 1 iters
d/dt = -0.542682
Ih = 56.6774
ADMM in 1 iters
d/dt = -0.524612
Ih = 56.6722
ADMM in 1 iters
d/dt = -0.507204
Ih = 56.6671
ADMM in 1 iters
d/dt = -0.490326
Ih = 56.6622
ADMM in 1 iters
d/dt = -0.474199
Ih = 56.6575
ADMM in 1 iters
d/dt = -0.458917
Ih = 56.6529
ADMM in 1 iters
d/dt = -0.444883
Ih = 56.6484
ADMM in 1 iters
d/dt = -0.432415
Ih = 56.6441
ADMM in 1 iters
d/dt = -0.420487
Ih = 56.6399
ADMM in 1 iters
d/dt = -0.409243
Ih = 56.6358
ADMM in 1 iters
d/dt = -0.3992
Ih = 56.6318
ADMM in 1 iters
d/dt = -0.390132
Ih = 56.6279
ADMM in 1 iters
d/dt = -0.38198
Ih = 56.6241
ADMM in 1 iters
d/dt = -0.375084
Ih = 56.6203
ADMM in 1 iters
d/dt = -0.369312
Ih = 56.6167
ADMM in 1 iters
d/dt = -0.364718
Ih = 56.613
ADMM in 1 iters
d/dt = -0.361526
Ih = 56.6094
ADMM in 1 iters
d/dt = -0.359542
Ih = 56.6058
ADMM in 1 iters
d/dt = -0.358492
Ih = 56.6022
ADMM in 1 iters
d/dt = -0.358489
Ih = 56.5986
ADMM in 1 iters
d/dt = -0.359846
Ih = 56.595
ADMM in 1 iters
d/dt = -0.362582
Ih = 56.5914
ADMM in 1 iters
d/dt = -0.366792
Ih = 56.5877
ADMM in 1 iters
d/dt = -0.371697
Ih = 56.584
ADMM in 1 iters
d/dt = -0.377563
Ih = 56.5802
ADMM in 1 iters
d/dt = -0.384544
Ih = 56.5764
ADMM in 1 iters
d/dt = -0.392498
Ih = 56.5725
ADMM in 1 iters
d/dt = -0.40144
Ih = 56.5685
ADMM in 1 iters
d/dt = -0.411346
Ih = 56.5643
ADMM in 1 iters
d/dt = -0.422118
Ih = 56.5601
ADMM in 1 iters
d/dt = -0.433596
Ih = 56.5558
ADMM in 1 iters
d/dt = -0.445709
Ih = 56.5513
ADMM in 1 iters
d/dt = -0.458457
Ih = 56.5467
ADMM in 1 iters
d/dt = -0.471703
Ih = 56.542
ADMM in 1 iters
d/dt = -0.48531
Ih = 56.5372
ADMM in 1 iters
d/dt = -0.499421
Ih = 56.5322
ADMM in 1 iters
d/dt = -0.513706
Ih = 56.527
ADMM in 1 iters
d/dt = -0.527903
Ih = 56.5218
ADMM in 1 iters
d/dt = -0.542434
Ih = 56.5163
ADMM in 1 iters
d/dt = -0.556921
Ih = 56.5108
ADMM in 1 iters
d/dt = -0.571575
Ih = 56.5051
ADMM in 1 iters
d/dt = -0.586326
Ih = 56.4992
ADMM in 1 iters
d/dt = -0.600841
Ih = 56.4932
ADMM in 1 iters
d/dt = -0.614769
Ih = 56.487
ADMM in 1 iters
d/dt = -0.628221
Ih = 56.4808
ADMM in 1 iters
d/dt = -0.641203
Ih = 56.4743
ADMM in 1 iters
d/dt = -0.65348
Ih = 56.4678
ADMM in 1 iters
d/dt = -0.665162
Ih = 56.4612
ADMM in 1 iters
d/dt = -0.676056
Ih = 56.4544
ADMM in 1 iters
d/dt = -0.68613
Ih = 56.4475
ADMM in 1 iters
d/dt = -0.695331
Ih = 56.4406
ADMM in 1 iters
d/dt = -0.703534
Ih = 56.4335
ADMM in 1 iters
d/dt = -0.710705
Ih = 56.4264
ADMM in 1 iters
d/dt = -0.716643
Ih = 56.4193
ADMM in 1 iters
d/dt = -0.721549
Ih = 56.4121
ADMM in 1 iters
d/dt = -0.725354
Ih = 56.4048
ADMM in 1 iters
d/dt = -0.727986
Ih = 56.3975
ADMM in 1 iters
d/dt = -0.729415
Ih = 56.3902
ADMM in 1 iters
d/dt = -0.729561
Ih = 56.3829
ADMM in 1 iters
d/dt = -0.728399
Ih = 56.3756
ADMM in 1 iters
d/dt = -0.725982
Ih = 56.3684
ADMM in 1 iters
d/dt = -0.722206
Ih = 56.3612
ADMM in 1 iters
d/dt = -0.716926
Ih = 56.354
ADMM in 1 iters
d/dt = -0.710348
Ih = 56.3469
ADMM in 1 iters
d/dt = -0.702333
Ih = 56.3399
ADMM in 1 iters
d/dt = -0.693081
Ih = 56.3329
ADMM in 1 iters
d/dt = -0.682593
Ih = 56.3261
ADMM in 1 iters
d/dt = -0.670872
Ih = 56.3194
ADMM in 1 iters
d/dt = -0.657809
Ih = 56.3128
ADMM in 1 iters
d/dt = -0.643585
Ih = 56.3064
ADMM in 1 iters
d/dt = -0.628319
Ih = 56.3001
ADMM in 1 iters
d/dt = -0.611938
Ih = 56.294
ADMM in 1 iters
d/dt = -0.594408
Ih = 56.288
ADMM in 1 iters
d/dt = -0.575945
Ih = 56.2823
ADMM in 1 iters
d/dt = -0.556571
Ih = 56.2767
ADMM in 1 iters
d/dt = -0.536497
Ih = 56.2714
ADMM in 1 iters
d/dt = -0.515476
Ih = 56.2662
ADMM in 1 iters
d/dt = -0.493544
Ih = 56.2613
ADMM in 1 iters
d/dt = -0.470904
Ih = 56.2566
ADMM in 1 iters
d/dt = -0.447731
Ih = 56.2521
ADMM in 1 iters
d/dt = -0.423991
Ih = 56.2478
ADMM in 1 iters
d/dt = -0.399802
Ih = 56.2438
ADMM in 1 iters
d/dt = -0.375254
Ih = 56.2401
ADMM in 1 iters
d/dt = -0.350309
Ih = 56.2366
ADMM in 1 iters
d/dt = -0.325253
Ih = 56.2333
ADMM in 1 iters
d/dt = -0.300245
Ih = 56.2303
ADMM in 1 iters
d/dt = -0.275082
Ih = 56.2276
ADMM in 1 iters
d/dt = -0.249864
Ih = 56.2251
ADMM in 1 iters
d/dt = -0.224476
Ih = 56.2228
ADMM in 1 iters
d/dt = -0.199287
Ih = 56.2208
ADMM in 1 iters
d/dt = -0.174445
Ih = 56.2191
ADMM in 1 iters
d/dt = -0.150178
Ih = 56.2176
ADMM in 1 iters
d/dt = -0.126215
Ih = 56.2163
ADMM in 1 iters
d/dt = -0.102725
Ih = 56.2153
ADMM in 1 iters
d/dt = -0.0798556
Ih = 56.2145
ADMM in 1 iters
d/dt = -0.0575776
Ih = 56.2139
ADMM in 1 iters
d/dt = -0.0358808
Ih = 56.2136
ADMM in 1 iters
d/dt = -0.0150926
Ih = 56.2134
ADMM in 1 iters
d/dt = 0.00479611
Ih = 56.2135
converged
Took 1037.7 seconds
Took 112 iters
Monitor23D40
in Euler Ihorig = 56.7786
in Euler Ihorig = 56.7707
ADMM in 4 iters
d/dt = -inf
Ih = 56.7707
ADMM in 1 iters
d/dt = -0.784089
Ih = 56.7628
ADMM in 1 iters
d/dt = -0.768383
Ih = 56.7551
ADMM in 1 iters
d/dt = -0.751303
Ih = 56.7476
ADMM in 1 iters
d/dt = -0.733595
Ih = 56.7403
ADMM in 1 iters
d/dt = -0.715131
Ih = 56.7331
ADMM in 1 iters
d/dt = -0.696537
Ih = 56.7262
ADMM in 1 iters
d/dt = -0.677398
Ih = 56.7194
ADMM in 1 iters
d/dt = -0.658039
Ih = 56.7128
ADMM in 1 iters
d/dt = -0.638137
Ih = 56.7064
ADMM in 1 iters
d/dt = -0.618208
Ih = 56.7002
ADMM in 1 iters
d/dt = -0.598734
Ih = 56.6943
ADMM in 1 iters
d/dt = -0.579323
Ih = 56.6885
ADMM in 1 iters
d/dt = -0.560687
Ih = 56.6829
ADMM in 1 iters
d/dt = -0.542682
Ih = 56.6774
ADMM in 1 iters
d/dt = -0.524612
Ih = 56.6722
ADMM in 1 iters
d/dt = -0.507204
Ih = 56.6671
ADMM in 1 iters
d/dt = -0.490326
Ih = 56.6622
ADMM in 1 iters
d/dt = -0.474199
Ih = 56.6575
ADMM in 1 iters
d/dt = -0.458917
Ih = 56.6529
ADMM in 1 iters
d/dt = -0.444883
Ih = 56.6484
ADMM in 1 iters
d/dt = -0.432415
Ih = 56.6441
ADMM in 1 iters
d/dt = -0.420487
Ih = 56.6399
ADMM in 1 iters
d/dt = -0.409243
Ih = 56.6358
ADMM in 1 iters
d/dt = -0.3992
Ih = 56.6318
ADMM in 1 iters
d/dt = -0.390132
Ih = 56.6279
ADMM in 1 iters
d/dt = -0.38198
Ih = 56.6241
ADMM in 1 iters
d/dt = -0.375084
Ih = 56.6203
ADMM in 1 iters
d/dt = -0.369312
Ih = 56.6167
ADMM in 1 iters
d/dt = -0.364718
Ih = 56.613
ADMM in 1 iters
d/dt = -0.361526
Ih = 56.6094
ADMM in 1 iters
d/dt = -0.359542
Ih = 56.6058
ADMM in 1 iters
d/dt = -0.358492
Ih = 56.6022
ADMM in 1 iters
d/dt = -0.358489
Ih = 56.5986
ADMM in 1 iters
d/dt = -0.359846
Ih = 56.595
ADMM in 1 iters
d/dt = -0.362582
Ih = 56.5914
ADMM in 1 iters
d/dt = -0.366792
Ih = 56.5877
ADMM in 1 iters
d/dt = -0.371697
Ih = 56.584
ADMM in 1 iters
d/dt = -0.377563
Ih = 56.5802
ADMM in 1 iters
d/dt = -0.384544
Ih = 56.5764
ADMM in 1 iters
d/dt = -0.392498
Ih = 56.5725
ADMM in 1 iters
d/dt = -0.40144
Ih = 56.5685
ADMM in 1 iters
d/dt = -0.411346
Ih = 56.5643
ADMM in 1 iters
d/dt = -0.422118
Ih = 56.5601
ADMM in 1 iters
d/dt = -0.433596
Ih = 56.5558
ADMM in 1 iters
d/dt = -0.445709
Ih = 56.5513
ADMM in 1 iters
d/dt = -0.458457
Ih = 56.5467
ADMM in 1 iters
d/dt = -0.471703
Ih = 56.542
ADMM in 1 iters
d/dt = -0.48531
Ih = 56.5372
ADMM in 1 iters
d/dt = -0.499421
Ih = 56.5322
ADMM in 1 iters
d/dt = -0.513706
Ih = 56.527
ADMM in 1 iters
d/dt = -0.527903
Ih = 56.5218
ADMM in 1 iters
d/dt = -0.542434
Ih = 56.5163
ADMM in 1 iters
d/dt = -0.556921
Ih = 56.5108
ADMM in 1 iters
d/dt = -0.571575
Ih = 56.5051
ADMM in 1 iters
d/dt = -0.586326
Ih = 56.4992
ADMM in 1 iters
d/dt = -0.600841
Ih = 56.4932
ADMM in 1 iters
d/dt = -0.614769
Ih = 56.487
ADMM in 1 iters
d/dt = -0.628221
Ih = 56.4808
ADMM in 1 iters
d/dt = -0.641203
Ih = 56.4743
ADMM in 1 iters
d/dt = -0.65348
Ih = 56.4678
ADMM in 1 iters
d/dt = -0.665162
Ih = 56.4612
ADMM in 1 iters
d/dt = -0.676056
Ih = 56.4544
ADMM in 1 iters
d/dt = -0.68613
Ih = 56.4475
ADMM in 1 iters
d/dt = -0.695331
Ih = 56.4406
ADMM in 1 iters
d/dt = -0.703534
Ih = 56.4335
ADMM in 1 iters
d/dt = -0.710705
Ih = 56.4264
ADMM in 1 iters
d/dt = -0.716643
Ih = 56.4193
ADMM in 1 iters
d/dt = -0.721549
Ih = 56.4121
ADMM in 1 iters
d/dt = -0.725354
Ih = 56.4048
ADMM in 1 iters
d/dt = -0.727986
Ih = 56.3975
ADMM in 1 iters
d/dt = -0.729415
Ih = 56.3902
ADMM in 1 iters
d/dt = -0.729561
Ih = 56.3829
ADMM in 1 iters
d/dt = -0.728399
Ih = 56.3756
ADMM in 1 iters
d/dt = -0.725982
Ih = 56.3684
ADMM in 1 iters
d/dt = -0.722206
Ih = 56.3612
ADMM in 1 iters
d/dt = -0.716926
Ih = 56.354
ADMM in 1 iters
d/dt = -0.710348
Ih = 56.3469
ADMM in 1 iters
d/dt = -0.702333
Ih = 56.3399
ADMM in 1 iters
d/dt = -0.693081
Ih = 56.3329
ADMM in 1 iters
d/dt = -0.682593
Ih = 56.3261
ADMM in 1 iters
d/dt = -0.670872
Ih = 56.3194
ADMM in 1 iters
d/dt = -0.657809
Ih = 56.3128
ADMM in 1 iters
d/dt = -0.643585
Ih = 56.3064
ADMM in 1 iters
d/dt = -0.628319
Ih = 56.3001
ADMM in 1 iters
d/dt = -0.611938
Ih = 56.294
ADMM in 1 iters
d/dt = -0.594408
Ih = 56.288
ADMM in 1 iters
d/dt = -0.575945
Ih = 56.2823
ADMM in 1 iters
d/dt = -0.556571
Ih = 56.2767
ADMM in 1 iters
d/dt = -0.536497
Ih = 56.2714
ADMM in 1 iters
d/dt = -0.515476
Ih = 56.2662
ADMM in 1 iters
d/dt = -0.493544
Ih = 56.2613
ADMM in 1 iters
d/dt = -0.470904
Ih = 56.2566
ADMM in 1 iters
d/dt = -0.447731
Ih = 56.2521
ADMM in 1 iters
d/dt = -0.423991
Ih = 56.2478
ADMM in 1 iters
d/dt = -0.399802
Ih = 56.2438
ADMM in 1 iters
d/dt = -0.375254
Ih = 56.2401
ADMM in 1 iters
d/dt = -0.350309
Ih = 56.2366
ADMM in 1 iters
d/dt = -0.325253
Ih = 56.2333
ADMM in 1 iters
d/dt = -0.300245
Ih = 56.2303
ADMM in 1 iters
d/dt = -0.275082
Ih = 56.2276
ADMM in 1 iters
d/dt = -0.249864
Ih = 56.2251
ADMM in 1 iters
d/dt = -0.224476
Ih = 56.2228
ADMM in 1 iters
d/dt = -0.199287
Ih = 56.2208
ADMM in 1 iters
d/dt = -0.174445
Ih = 56.2191
ADMM in 1 iters
d/dt = -0.150178
Ih = 56.2176
ADMM in 1 iters
d/dt = -0.126215
Ih = 56.2163
ADMM in 1 iters
d/dt = -0.102725
Ih = 56.2153
ADMM in 1 iters
d/dt = -0.0798556
Ih = 56.2145
ADMM in 1 iters
d/dt = -0.0575776
Ih = 56.2139
ADMM in 1 iters
d/dt = -0.0358808
Ih = 56.2136
ADMM in 1 iters
d/dt = -0.0150926
Ih = 56.2134
ADMM in 1 iters
d/dt = 0.00479611
Ih = 56.2135
converged
Took 1037.55 seconds
Took 112 iters
Monitor23D40
in Euler Ihorig = 56.7786
in Euler Ihorig = 56.7707
ADMM in 4 iters
d/dt = -inf
Ih = 56.7707
ADMM in 1 iters
d/dt = -0.784089
Ih = 56.7628
ADMM in 1 iters
d/dt = -0.768383
Ih = 56.7551
ADMM in 1 iters
d/dt = -0.751303
Ih = 56.7476
ADMM in 1 iters
d/dt = -0.733595
Ih = 56.7403
ADMM in 1 iters
d/dt = -0.715131
Ih = 56.7331
ADMM in 1 iters
d/dt = -0.696537
Ih = 56.7262
ADMM in 1 iters
d/dt = -0.677398
Ih = 56.7194
ADMM in 1 iters
d/dt = -0.658039
Ih = 56.7128
ADMM in 1 iters
d/dt = -0.638137
Ih = 56.7064
ADMM in 1 iters
d/dt = -0.618208
Ih = 56.7002
ADMM in 1 iters
d/dt = -0.598734
Ih = 56.6943
ADMM in 1 iters
d/dt = -0.579323
Ih = 56.6885
ADMM in 1 iters
d/dt = -0.560687
Ih = 56.6829
ADMM in 1 iters
d/dt = -0.542682
Ih = 56.6774
ADMM in 1 iters
d/dt = -0.524612
Ih = 56.6722
ADMM in 1 iters
d/dt = -0.507204
Ih = 56.6671
ADMM in 1 iters
d/dt = -0.490326
Ih = 56.6622
ADMM in 1 iters
d/dt = -0.474199
Ih = 56.6575
ADMM in 1 iters
d/dt = -0.458917
Ih = 56.6529
ADMM in 1 iters
d/dt = -0.444883
Ih = 56.6484
ADMM in 1 iters
d/dt = -0.432415
Ih = 56.6441
ADMM in 1 iters
d/dt = -0.420487
Ih = 56.6399
ADMM in 1 iters
d/dt = -0.409243
Ih = 56.6358
ADMM in 1 iters
d/dt = -0.3992
Ih = 56.6318
ADMM in 1 iters
d/dt = -0.390132
Ih = 56.6279
ADMM in 1 iters
d/dt = -0.38198
Ih = 56.6241
ADMM in 1 iters
d/dt = -0.375084
Ih = 56.6203
ADMM in 1 iters
d/dt = -0.369312
Ih = 56.6167
ADMM in 1 iters
d/dt = -0.364718
Ih = 56.613
ADMM in 1 iters
d/dt = -0.361526
Ih = 56.6094
ADMM in 1 iters
d/dt = -0.359542
Ih = 56.6058
ADMM in 1 iters
d/dt = -0.358492
Ih = 56.6022
ADMM in 1 iters
d/dt = -0.358489
Ih = 56.5986
ADMM in 1 iters
d/dt = -0.359846
Ih = 56.595
ADMM in 1 iters
d/dt = -0.362582
Ih = 56.5914
ADMM in 1 iters
d/dt = -0.366792
Ih = 56.5877
ADMM in 1 iters
d/dt = -0.371697
Ih = 56.584
ADMM in 1 iters
d/dt = -0.377563
Ih = 56.5802
ADMM in 1 iters
d/dt = -0.384544
Ih = 56.5764
ADMM in 1 iters
d/dt = -0.392498
Ih = 56.5725
ADMM in 1 iters
d/dt = -0.40144
Ih = 56.5685
ADMM in 1 iters
d/dt = -0.411346
Ih = 56.5643
ADMM in 1 iters
d/dt = -0.422118
Ih = 56.5601
ADMM in 1 iters
d/dt = -0.433596
Ih = 56.5558
ADMM in 1 iters
d/dt = -0.445709
Ih = 56.5513
ADMM in 1 iters
d/dt = -0.458457
Ih = 56.5467
ADMM in 1 iters
d/dt = -0.471703
Ih = 56.542
ADMM in 1 iters
d/dt = -0.48531
Ih = 56.5372
ADMM in 1 iters
d/dt = -0.499421
Ih = 56.5322
ADMM in 1 iters
d/dt = -0.513706
Ih = 56.527
ADMM in 1 iters
d/dt = -0.527903
Ih = 56.5218
ADMM in 1 iters
d/dt = -0.542434
Ih = 56.5163
ADMM in 1 iters
d/dt = -0.556921
Ih = 56.5108
ADMM in 1 iters
d/dt = -0.571575
Ih = 56.5051
ADMM in 1 iters
d/dt = -0.586326
Ih = 56.4992
ADMM in 1 iters
d/dt = -0.600841
Ih = 56.4932
ADMM in 1 iters
d/dt = -0.614769
Ih = 56.487
ADMM in 1 iters
d/dt = -0.628221
Ih = 56.4808
ADMM in 1 iters
d/dt = -0.641203
Ih = 56.4743
ADMM in 1 iters
d/dt = -0.65348
Ih = 56.4678
ADMM in 1 iters
d/dt = -0.665162
Ih = 56.4612
ADMM in 1 iters
d/dt = -0.676056
Ih = 56.4544
ADMM in 1 iters
d/dt = -0.68613
Ih = 56.4475
ADMM in 1 iters
d/dt = -0.695331
Ih = 56.4406
ADMM in 1 iters
d/dt = -0.703534
Ih = 56.4335
ADMM in 1 iters
d/dt = -0.710705
Ih = 56.4264
ADMM in 1 iters
d/dt = -0.716643
Ih = 56.4193
ADMM in 1 iters
d/dt = -0.721549
Ih = 56.4121
ADMM in 1 iters
d/dt = -0.725354
Ih = 56.4048
ADMM in 1 iters
d/dt = -0.727986
Ih = 56.3975
ADMM in 1 iters
d/dt = -0.729415
Ih = 56.3902
ADMM in 1 iters
d/dt = -0.729561
Ih = 56.3829
ADMM in 1 iters
d/dt = -0.728399
Ih = 56.3756
ADMM in 1 iters
d/dt = -0.725982
Ih = 56.3684
ADMM in 1 iters
d/dt = -0.722206
Ih = 56.3612
ADMM in 1 iters
d/dt = -0.716926
Ih = 56.354
ADMM in 1 iters
d/dt = -0.710348
Ih = 56.3469
ADMM in 1 iters
d/dt = -0.702333
Ih = 56.3399
ADMM in 1 iters
d/dt = -0.693081
Ih = 56.3329
ADMM in 1 iters
d/dt = -0.682593
Ih = 56.3261
ADMM in 1 iters
d/dt = -0.670872
Ih = 56.3194
ADMM in 1 iters
d/dt = -0.657809
Ih = 56.3128
ADMM in 1 iters
d/dt = -0.643585
Ih = 56.3064
ADMM in 1 iters
d/dt = -0.628319
Ih = 56.3001
ADMM in 1 iters
d/dt = -0.611938
Ih = 56.294
ADMM in 1 iters
d/dt = -0.594408
Ih = 56.288
ADMM in 1 iters
d/dt = -0.575945
Ih = 56.2823
ADMM in 1 iters
d/dt = -0.556571
Ih = 56.2767
ADMM in 1 iters
d/dt = -0.536497
Ih = 56.2714
ADMM in 1 iters
d/dt = -0.515476
Ih = 56.2662
ADMM in 1 iters
d/dt = -0.493544
Ih = 56.2613
ADMM in 1 iters
d/dt = -0.470904
Ih = 56.2566
ADMM in 1 iters
d/dt = -0.447731
Ih = 56.2521
ADMM in 1 iters
d/dt = -0.423991
Ih = 56.2478
ADMM in 1 iters
d/dt = -0.399802
Ih = 56.2438
ADMM in 1 iters
d/dt = -0.375254
Ih = 56.2401
ADMM in 1 iters
d/dt = -0.350309
Ih = 56.2366
ADMM in 1 iters
d/dt = -0.325253
Ih = 56.2333
ADMM in 1 iters
d/dt = -0.300245
Ih = 56.2303
ADMM in 1 iters
d/dt = -0.275082
Ih = 56.2276
ADMM in 1 iters
d/dt = -0.249864
Ih = 56.2251
ADMM in 1 iters
d/dt = -0.224476
Ih = 56.2228
ADMM in 1 iters
d/dt = -0.199287
Ih = 56.2208
ADMM in 1 iters
d/dt = -0.174445
Ih = 56.2191
ADMM in 1 iters
d/dt = -0.150178
Ih = 56.2176
ADMM in 1 iters
d/dt = -0.126215
Ih = 56.2163
ADMM in 1 iters
d/dt = -0.102725
Ih = 56.2153
ADMM in 1 iters
d/dt = -0.0798556
Ih = 56.2145
ADMM in 1 iters
d/dt = -0.0575776
Ih = 56.2139
ADMM in 1 iters
d/dt = -0.0358808
Ih = 56.2136
ADMM in 1 iters
d/dt = -0.0150926
Ih = 56.2134
ADMM in 1 iters
d/dt = 0.00479611
Ih = 56.2135
converged
Took 1084.55 seconds
Took 112 iters
Monitor23D40
in Euler Ihorig = 56.7786
in Euler Ihorig = 56.7707
ADMM in 4 iters
d/dt = -inf
Ih = 56.7707
ADMM in 1 iters
d/dt = -0.784089
Ih = 56.7628
ADMM in 1 iters
d/dt = -0.768383
Ih = 56.7551
ADMM in 1 iters
d/dt = -0.751303
Ih = 56.7476
ADMM in 1 iters
d/dt = -0.733595
Ih = 56.7403
ADMM in 1 iters
d/dt = -0.715131
Ih = 56.7331
ADMM in 1 iters
d/dt = -0.696537
Ih = 56.7262
ADMM in 1 iters
d/dt = -0.677398
Ih = 56.7194
ADMM in 1 iters
d/dt = -0.658039
Ih = 56.7128
ADMM in 1 iters
d/dt = -0.638137
Ih = 56.7064
ADMM in 1 iters
d/dt = -0.618208
Ih = 56.7002
ADMM in 1 iters
d/dt = -0.598734
Ih = 56.6943
ADMM in 1 iters
d/dt = -0.579323
Ih = 56.6885
ADMM in 1 iters
d/dt = -0.560687
Ih = 56.6829
ADMM in 1 iters
d/dt = -0.542682
Ih = 56.6774
ADMM in 1 iters
d/dt = -0.524612
Ih = 56.6722
ADMM in 1 iters
d/dt = -0.507204
Ih = 56.6671
ADMM in 1 iters
d/dt = -0.490326
Ih = 56.6622
ADMM in 1 iters
d/dt = -0.474199
Ih = 56.6575
ADMM in 1 iters
d/dt = -0.458917
Ih = 56.6529
ADMM in 1 iters
d/dt = -0.444883
Ih = 56.6484
ADMM in 1 iters
d/dt = -0.432415
Ih = 56.6441
ADMM in 1 iters
d/dt = -0.420487
Ih = 56.6399
ADMM in 1 iters
d/dt = -0.409243
Ih = 56.6358
ADMM in 1 iters
d/dt = -0.3992
Ih = 56.6318
ADMM in 1 iters
d/dt = -0.390132
Ih = 56.6279
ADMM in 1 iters
d/dt = -0.38198
Ih = 56.6241
ADMM in 1 iters
d/dt = -0.375084
Ih = 56.6203
ADMM in 1 iters
d/dt = -0.369312
Ih = 56.6167
ADMM in 1 iters
d/dt = -0.364718
Ih = 56.613
ADMM in 1 iters
d/dt = -0.361526
Ih = 56.6094
ADMM in 1 iters
d/dt = -0.359542
Ih = 56.6058
ADMM in 1 iters
d/dt = -0.358492
Ih = 56.6022
ADMM in 1 iters
d/dt = -0.358489
Ih = 56.5986
ADMM in 1 iters
d/dt = -0.359846
Ih = 56.595
ADMM in 1 iters
d/dt = -0.362582
Ih = 56.5914
ADMM in 1 iters
d/dt = -0.366792
Ih = 56.5877
ADMM in 1 iters
d/dt = -0.371697
Ih = 56.584
ADMM in 1 iters
d/dt = -0.377563
Ih = 56.5802
ADMM in 1 iters
d/dt = -0.384544
Ih = 56.5764
ADMM in 1 iters
d/dt = -0.392498
Ih = 56.5725
ADMM in 1 iters
d/dt = -0.40144
Ih = 56.5685
ADMM in 1 iters
d/dt = -0.411346
Ih = 56.5643
ADMM in 1 iters
d/dt = -0.422118
Ih = 56.5601
ADMM in 1 iters
d/dt = -0.433596
Ih = 56.5558
ADMM in 1 iters
d/dt = -0.445709
Ih = 56.5513
ADMM in 1 iters
d/dt = -0.458457
Ih = 56.5467
ADMM in 1 iters
d/dt = -0.471703
Ih = 56.542
ADMM in 1 iters
d/dt = -0.48531
Ih = 56.5372
ADMM in 1 iters
d/dt = -0.499421
Ih = 56.5322
ADMM in 1 iters
d/dt = -0.513706
Ih = 56.527
ADMM in 1 iters
d/dt = -0.527903
Ih = 56.5218
ADMM in 1 iters
d/dt = -0.542434
Ih = 56.5163
ADMM in 1 iters
d/dt = -0.556921
Ih = 56.5108
ADMM in 1 iters
d/dt = -0.571575
Ih = 56.5051
ADMM in 1 iters
d/dt = -0.586326
Ih = 56.4992
ADMM in 1 iters
d/dt = -0.600841
Ih = 56.4932
ADMM in 1 iters
d/dt = -0.614769
Ih = 56.487
ADMM in 1 iters
d/dt = -0.628221
Ih = 56.4808
ADMM in 1 iters
d/dt = -0.641203
Ih = 56.4743
ADMM in 1 iters
d/dt = -0.65348
Ih = 56.4678
ADMM in 1 iters
d/dt = -0.665162
Ih = 56.4612
ADMM in 1 iters
d/dt = -0.676056
Ih = 56.4544
ADMM in 1 iters
d/dt = -0.68613
Ih = 56.4475
ADMM in 1 iters
d/dt = -0.695331
Ih = 56.4406
ADMM in 1 iters
d/dt = -0.703534
Ih = 56.4335
ADMM in 1 iters
d/dt = -0.710705
Ih = 56.4264
ADMM in 1 iters
d/dt = -0.716643
Ih = 56.4193
ADMM in 1 iters
d/dt = -0.721549
Ih = 56.4121
ADMM in 1 iters
d/dt = -0.725354
Ih = 56.4048
ADMM in 1 iters
d/dt = -0.727986
Ih = 56.3975
ADMM in 1 iters
d/dt = -0.729415
Ih = 56.3902
ADMM in 1 iters
d/dt = -0.729561
Ih = 56.3829
ADMM in 1 iters
d/dt = -0.728399
Ih = 56.3756
ADMM in 1 iters
d/dt = -0.725982
Ih = 56.3684
ADMM in 1 iters
d/dt = -0.722206
Ih = 56.3612
ADMM in 1 iters
d/dt = -0.716926
Ih = 56.354
ADMM in 1 iters
d/dt = -0.710348
Ih = 56.3469
ADMM in 1 iters
d/dt = -0.702333
Ih = 56.3399
ADMM in 1 iters
d/dt = -0.693081
Ih = 56.3329
ADMM in 1 iters
d/dt = -0.682593
Ih = 56.3261
ADMM in 1 iters
d/dt = -0.670872
Ih = 56.3194
ADMM in 1 iters
d/dt = -0.657809
Ih = 56.3128
ADMM in 1 iters
d/dt = -0.643585
Ih = 56.3064
ADMM in 1 iters
d/dt = -0.628319
Ih = 56.3001
ADMM in 1 iters
d/dt = -0.611938
Ih = 56.294
ADMM in 1 iters
d/dt = -0.594408
Ih = 56.288
ADMM in 1 iters
d/dt = -0.575945
Ih = 56.2823
ADMM in 1 iters
d/dt = -0.556571
Ih = 56.2767
ADMM in 1 iters
d/dt = -0.536497
Ih = 56.2714
ADMM in 1 iters
d/dt = -0.515476
Ih = 56.2662
ADMM in 1 iters
d/dt = -0.493544
Ih = 56.2613
ADMM in 1 iters
d/dt = -0.470904
Ih = 56.2566
ADMM in 1 iters
d/dt = -0.447731
Ih = 56.2521
ADMM in 1 iters
d/dt = -0.423991
Ih = 56.2478
ADMM in 1 iters
d/dt = -0.399802
Ih = 56.2438
ADMM in 1 iters
d/dt = -0.375254
Ih = 56.2401
ADMM in 1 iters
d/dt = -0.350309
Ih = 56.2366
ADMM in 1 iters
d/dt = -0.325253
Ih = 56.2333
ADMM in 1 iters
d/dt = -0.300245
Ih = 56.2303
ADMM in 1 iters
d/dt = -0.275082
Ih = 56.2276
ADMM in 1 iters
d/dt = -0.249864
Ih = 56.2251
ADMM in 1 iters
d/dt = -0.224476
Ih = 56.2228
ADMM in 1 iters
d/dt = -0.199287
Ih = 56.2208
ADMM in 1 iters
d/dt = -0.174445
Ih = 56.2191
ADMM in 1 iters
d/dt = -0.150178
Ih = 56.2176
ADMM in 1 iters
d/dt = -0.126215
Ih = 56.2163
ADMM in 1 iters
d/dt = -0.102725
Ih = 56.2153
ADMM in 1 iters
d/dt = -0.0798556
Ih = 56.2145
ADMM in 1 iters
d/dt = -0.0575776
Ih = 56.2139
ADMM in 1 iters
d/dt = -0.0358808
Ih = 56.2136
ADMM in 1 iters
d/dt = -0.0150926
Ih = 56.2134
ADMM in 1 iters
d/dt = 0.00479611
Ih = 56.2135
converged
Took 1084.14 seconds
Took 112 iters
Monitor23D40
in Euler Ihorig = 56.7786
in Euler Ihorig = 56.7707
ADMM in 4 iters
d/dt = -inf
Ih = 56.7707
ADMM in 1 iters
d/dt = -0.784089
Ih = 56.7628
ADMM in 1 iters
d/dt = -0.768383
Ih = 56.7551
slurmstepd: error: *** JOB 52809564 ON gra1008 CANCELLED AT 2021-09-30T12:36:54 DUE TO TIME LIMIT ***
